[debug] [2021-05-18T13:49:02.281Z] ----------------------------------------------------------------------
[debug] [2021-05-18T13:49:02.284Z] Command:       C:\Program Files\nodejs\node.exe C:\Users\hp\AppData\Roaming\npm\node_modules\firebase-tools\lib\bin\firebase.js deploy
[debug] [2021-05-18T13:49:02.284Z] CLI Version:   9.11.0
[debug] [2021-05-18T13:49:02.284Z] Platform:      win32
[debug] [2021-05-18T13:49:02.284Z] Node Version:  v14.17.0
[debug] [2021-05-18T13:49:02.285Z] Time:          Tue May 18 2021 19:19:02 GMT+0530 (India Standard Time)
[debug] [2021-05-18T13:49:02.285Z] ----------------------------------------------------------------------
[debug] 
[debug] [2021-05-18T13:49:02.293Z] > command requires scopes: ["email","openid","https://www.googleapis.com/auth/cloudplatformprojects.readonly","https://www.googleapis.com/auth/firebase","https://www.googleapis.com/auth/cloud-platform"]
[debug] [2021-05-18T13:49:02.293Z] > authorizing via signed-in user (hurrrphurr@gmail.com)
[debug] [2021-05-18T13:49:02.293Z] [iam] checking project disneyclone-ae770 for permissions ["firebase.projects.get","firebasehosting.sites.update"]
[debug] [2021-05-18T13:49:02.295Z] > refreshing access token with scopes: ["email","https://www.googleapis.com/auth/cloud-platform","https://www.googleapis.com/auth/cloudplatformprojects.readonly","https://www.googleapis.com/auth/firebase","openid"]
[debug] [2021-05-18T13:49:02.296Z] >>> HTTP REQUEST POST https://www.googleapis.com/oauth2/v3/token  
 <request body omitted>
[debug] [2021-05-18T13:49:23.350Z] [iam] error while checking permissions, command may fail: FirebaseError: Authentication Error: Your credentials are no longer valid. Please run firebase login --reauth

For CI servers and headless environments, generate a new token with firebase login:ci
[debug] [2021-05-18T13:49:23.353Z] >>> [apiv2][query] GET https://firebase.googleapis.com/v1beta1/projects/disneyclone-ae770 [none]
[debug] [2021-05-18T13:49:23.990Z] <<< [apiv2][status] GET https://firebase.googleapis.com/v1beta1/projects/disneyclone-ae770 200
[debug] [2021-05-18T13:49:23.990Z] <<< [apiv2][body] GET https://firebase.googleapis.com/v1beta1/projects/disneyclone-ae770 {"projectId":"disneyclone-ae770","projectNumber":"832824101837","displayName":"disneyClone","name":"projects/disneyclone-ae770","resources":{"hostingSite":"disneyclone-ae770","storageBucket":"disneyclone-ae770.appspot.com","locationId":"us-central"},"state":"ACTIVE"}
[info] 
[info] === Deploying to 'disneyclone-ae770'...
[info] 
[info] i  deploying hosting 
[debug] [2021-05-18T13:49:23.997Z] > refreshing access token with scopes: ["email","https://www.googleapis.com/auth/cloud-platform","https://www.googleapis.com/auth/cloudplatformprojects.readonly","https://www.googleapis.com/auth/firebase","openid"]
[debug] [2021-05-18T13:49:23.997Z] >>> HTTP REQUEST POST https://www.googleapis.com/oauth2/v3/token  
 <request body omitted>
[debug] [2021-05-18T13:49:24.381Z] <<< HTTP RESPONSE 200 {"date":"Tue, 18 May 2021 13:49:24 GMT","expires":"Mon, 01 Jan 1990 00:00:00 GMT","pragma":"no-cache","cache-control":"no-cache, no-store, max-age=0, must-revalidate","content-type":"application/json; charset=utf-8","vary":"X-Origin, Referer, Origin,Accept-Encoding","server":"scaffolding on HTTPServer2","x-xss-protection":"0","x-frame-options":"SAMEORIGIN","x-content-type-options":"nosniff","alt-svc":"h3-29=\":443\"; ma=2592000,h3-T051=\":443\"; ma=2592000,h3-Q050=\":443\"; ma=2592000,h3-Q046=\":443\"; ma=2592000,h3-Q043=\":443\"; ma=2592000,quic=\":443\"; ma=2592000; v=\"46,43\"","accept-ranges":"none","transfer-encoding":"chunked"}
[debug] [2021-05-18T13:49:24.423Z] >>> HTTP REQUEST POST https://firebasehosting.googleapis.com/v1beta1/sites/disneyclone-ae770/versions  
 {"config":{"rewrites":[{"glob":"**","path":"/index.html"}]},"labels":{"deployment-tool":"cli-firebase"}}
[debug] [2021-05-18T13:49:27.861Z] <<< HTTP RESPONSE 200 {"content-type":"application/json; charset=UTF-8","vary":"X-Origin, Referer, Origin,Accept-Encoding","date":"Tue, 18 May 2021 13:49:27 GMT","server":"ESF","cache-control":"private","x-xss-protection":"0","x-frame-options":"SAMEORIGIN","x-content-type-options":"nosniff","alt-svc":"h3-29=\":443\"; ma=2592000,h3-T051=\":443\"; ma=2592000,h3-Q050=\":443\"; ma=2592000,h3-Q046=\":443\"; ma=2592000,h3-Q043=\":443\"; ma=2592000,quic=\":443\"; ma=2592000; v=\"46,43\"","accept-ranges":"none","transfer-encoding":"chunked"}
[info] i  hosting[disneyclone-ae770]: beginning deploy... 
[info] i  hosting[disneyclone-ae770]: found 54 files in build 
[debug] [2021-05-18T13:49:27.892Z] [hosting] hash cache [YnVpbGQ] not populated
[debug] [2021-05-18T13:49:28.769Z] > refreshing access token with scopes: []
[debug] [2021-05-18T13:49:28.770Z] >>> HTTP REQUEST POST https://www.googleapis.com/oauth2/v3/token  
 <request body omitted>
[debug] [2021-05-18T13:49:28.805Z] [hosting] hash cache [YnVpbGQ] stored for 54 files
[debug] [2021-05-18T13:49:28.806Z] [hosting][hash queue][FINAL] {"max":867,"min":21,"avg":252.38888888888889,"active":0,"complete":54,"success":54,"errored":0,"retried":0,"total":54,"elapsed":914}
[debug] [2021-05-18T13:49:29.190Z] <<< HTTP RESPONSE 200 {"cache-control":"no-cache, no-store, max-age=0, must-revalidate","date":"Tue, 18 May 2021 13:49:29 GMT","pragma":"no-cache","expires":"Mon, 01 Jan 1990 00:00:00 GMT","content-type":"application/json; charset=utf-8","vary":"X-Origin, Referer, Origin,Accept-Encoding","server":"scaffolding on HTTPServer2","x-xss-protection":"0","x-frame-options":"SAMEORIGIN","x-content-type-options":"nosniff","alt-svc":"h3-29=\":443\"; ma=2592000,h3-T051=\":443\"; ma=2592000,h3-Q050=\":443\"; ma=2592000,h3-Q046=\":443\"; ma=2592000,h3-Q043=\":443\"; ma=2592000,quic=\":443\"; ma=2592000; v=\"46,43\"","accept-ranges":"none","transfer-encoding":"chunked"}
[debug] [2021-05-18T13:49:29.214Z] >>> [apiv2][query] POST https://firebasehosting.googleapis.com/v1beta1/sites/disneyclone-ae770/versions/b66f4bf1d9c30f12:populateFiles [none]
[debug] [2021-05-18T13:49:29.214Z] >>> [apiv2][body] POST https://firebasehosting.googleapis.com/v1beta1/sites/disneyclone-ae770/versions/b66f4bf1d9c30f12:populateFiles {"files":{"/asset-manifest.json":"a13478c67af0ea69b30e571b93807627da964422689dbe321d6f932c537949ae","/index.html":"65c5f971665dd9ea461b625091ccf4732a13f1c95af6dd4b8452e8bdaf22911e","/manifest.json":"aff3449bdc238776f5d6d967f19ec491b36aed5fb7f23ccff6500736fd58494a","/robots.txt":"5fcd5c559ded0c02b3ed7840ca3ee77e95b798730af98d9f18bc627ac898071e","/assets/images/cta-logo-one.svg":"66ce22e859b8bde4fa8aaf450f855529f02864f8bbbb9212ed40f8217a8ca747","/assets/images/favicon.svg":"5a920e79285527d616f1b76a8fc13283143f7ea1b12187a05e75318027a0c419","/logo192.png":"ebf380e341383bbf65d6a762603f630a9f7610c97f32bd297bc097635bc37ee3","/assets/images/group-icon.png":"1798cb8ad7edb1138131e47b6817f65c4a55627cbaeaa979afad659d15abfd19","/assets/images/home-icon.svg":"f5b4007dff7c18edadc6cc773b20f2bcec6242604045d944199758aefc086285","/assets/images/cta-logo-two.png":"b9b285d313e3f7f912d2798bff9aaa746e77869160f3342d72ed338b84c5a20a","/assets/images/logo.svg":"e25daeaa18d66d4fb7fa4d5d8ddcdad6998f7857f053f3215988eecfd5c8e84d","/assets/images/movie-icon.svg":"d1ab665dd306e65aa4e62f85d2a13cd9f8da4d91b746059b62b6e0b88465789f","/assets/images/original-icon.svg":"f7343ba4e23979b11ede53671b5c9a97d519b60836bac82e872a497faf603c09","/assets/images/play-icon-black.png":"c3387af7b93ec8277ec5b9a55f56bd7abc2c20094b6e566077715c8d8a38392a","/assets/images/play-icon-white.png":"0229cddaba90d2c69898d6198ebfca134a73cb48da68c221117c979e870f22ee","/assets/images/search-icon.svg":"922033f1f347cb14781c1f1802e1975475f4f677112e5b81023a4d46e103e57d","/assets/images/series-icon.svg":"649c2bdfca076bcb9bf6eede2b5a7a865a2058e8ce224678f8df731cbcbe5429","/favicon.ico":"87aecafb41d21ea93b7af81398237b980c43ee880676c78630ee2d1e9a6d711f","/logo512.png":"c55d034d9cf7abfac7600919cbf4f4ce2f3ea3478df91d01177e8ff136f58918","/assets/images/viewers-disney.png":"aa5eff06f089b2e52225238c5560eb935d31c6f244c6ff7ceb7de46215e72d26","/assets/images/viewers-marvel.png":"94bddd6c074238483a891a5c0e69fcadd2aa6781b0332f022859fe67ba90ff31","/assets/images/watchlist-icon.svg":"92c817ceaea1aa0ec269065f22bc34c0ddc395d99b706a59db7cbf92cfb2a9f7","/assets/images/viewers-national.png":"fcbbb9883766d4d49beaf561d20d5743fbe1351bb18a35db54e042b5c16ddcf5","/assets/images/viewers-pixar.png":"cffb46dc9cdd4051ede17067e0571381053fce7c0bd3851ba3c5acc2f04b7bc3","/assets/images/viewers-starwars.png":"aeb6d50178afdf24e6e6728f75040865ab6442290e0afa7c0c2c4617bb41fc16","/static/css/2.165ff965.chunk.css":"5c1797392ed8ad280903aff0d21cea86bdf64736f55ef83f64e05b26868e98fb","/static/css/2.165ff965.chunk.css.map":"c8d206c68067a0cef562433e79488c522e1dcb5b5098faeacd44926eb169acc4","/static/css/main.0eab9dc6.chunk.css":"d4e4e8c1e21b6c17a9359bfb913491a145f37383559000585fa13163a2b79e89","/static/css/main.0eab9dc6.chunk.css.map":"889490cef74f80afc6f7e9e5e682f904e647143e6772c4b5ac82abce1f9728b4","/static/js/2.ed53017e.chunk.js.LICENSE.txt":"e025f206bcd3091e4cf62994de2f16177cdb3a503244f5ae23e51f37b4f24304","/static/js/main.47ed5520.chunk.js":"8b90dddefbdbfcad39848f2ca125501a188b37580dac3c5186a607b04cadc7c6","/static/js/runtime-main.1a804250.js":"ecaf5730a77d369d6c57c2ae02f0798c68c49956764a9229ed3cda7596f9a534","/static/js/runtime-main.1a804250.js.map":"c2be0bc9ab04d249f7b771199d75b1fff4f09e9710d2644784fd5370fcf84752","/static/js/main.47ed5520.chunk.js.map":"652e116e992cd7134acaf9a23b318ee323d51da2fa5fcd5a98a685faafe9919b","/assets/images/userImage.jpg":"32f0f45f84df09859ef22ace1b7c84e655473a16b9ae8642324244ad16bc806c","/assets/images/slider-badging.jpg":"bf442e7f764a86daa6fb6d14140d9afe7cda865d75bbb1c2fad8c2988a4c82dc","/assets/images/slider-scales.jpg":"9371d8e5eb2a6107c91977877930553dce149a29e7b80462296f419a047015a9","/static/media/slick.2630a3e3.svg":"d00477d40ed40fa1dd3bdee27d9286804121b15fea83bae7d5415d902b055de0","/static/media/slick.29518378.woff":"029a727c9e1081d2f9e1015f02f18da88f268512ea4f58589a6f17f532928530","/static/media/slick.a4e97f5a.eot":"52b9a169969e053d43df6bd21c4dc789c2518d99afd8590a17ef50cd24c77cf6","/static/media/slick.c94f7671.ttf":"6aad751007cf9a89350af287f824ab64f096c472c7c9c679fb3d55b6174fc004","/assets/images/slider-badag.jpg":"96a8ca6da0fecf5f8a0720dd762f44a67ec7d7cd6b5f104cb3055d88e4d7128d","/assets/images/slider-scale.jpg":"db3022ddc406882b1ff329bb6d3578f70b3393115d9fbf6695361e001e290fcd","/assets/images/home-background.png":"da30f5f71771e53a6c4a9b7b230cd5e53170f51f18454482442e6b8f9b941bca","/static/media/home-background.a0c4bdd9.png":"da30f5f71771e53a6c4a9b7b230cd5e53170f51f18454482442e6b8f9b941bca","/assets/videos/1564676115-marvel.mp4":"07e87ef642059ba8e7f3dd827b3fad2c2fd69d10ce3c1bf68c57d964180c1c86","/assets/videos/1564674844-disney.mp4":"b75349f41e10181823c43a00643e114d9f54d1b6a610fba093ea2fc4a6f0cbda","/assets/images/login-background.jpg":"bbfc903274847c5dc1100ec0ed045c3d953866bd6680b0651f9925413c2fe83c","/assets/videos/1564676714-pixar.mp4":"bfd93694d25b61726ad8ac0a81c79fc69ad0f25284363d370668d7246f291e20","/static/media/login-background.05b1a1b3.jpg":"bbfc903274847c5dc1100ec0ed045c3d953866bd6680b0651f9925413c2fe83c","/assets/videos/1608229455-star-wars.mp4":"b85f3e4140753c833e8d470f60c2d2fb0c83528d903f6ccd1e040df0514117e4","/static/js/2.ed53017e.chunk.js":"70a3f13a97c9d8dbd915bf3b011acd5d4ab1a84cffd1798043f25efa77c303ee","/assets/videos/1564676296-national-geographic.mp4":"aa332a3912f9f579500863a8e7d63914d233b5def54eff2085374fb4060cc844","/static/js/2.ed53017e.chunk.js.map":"568a00905974a21e4b824600ac4877977210486800ea6d2284396b82debc11f3"}}
[debug] [2021-05-18T13:49:31.368Z] <<< [apiv2][status] POST https://firebasehosting.googleapis.com/v1beta1/sites/disneyclone-ae770/versions/b66f4bf1d9c30f12:populateFiles 200
[debug] [2021-05-18T13:49:31.369Z] <<< [apiv2][body] POST https://firebasehosting.googleapis.com/v1beta1/sites/disneyclone-ae770/versions/b66f4bf1d9c30f12:populateFiles {"uploadRequiredHashes":["b85f3e4140753c833e8d470f60c2d2fb0c83528d903f6ccd1e040df0514117e4","e25daeaa18d66d4fb7fa4d5d8ddcdad6998f7857f053f3215988eecfd5c8e84d","52b9a169969e053d43df6bd21c4dc789c2518d99afd8590a17ef50cd24c77cf6","c8d206c68067a0cef562433e79488c522e1dcb5b5098faeacd44926eb169acc4","029a727c9e1081d2f9e1015f02f18da88f268512ea4f58589a6f17f532928530","87aecafb41d21ea93b7af81398237b980c43ee880676c78630ee2d1e9a6d711f","d00477d40ed40fa1dd3bdee27d9286804121b15fea83bae7d5415d902b055de0","70a3f13a97c9d8dbd915bf3b011acd5d4ab1a84cffd1798043f25efa77c303ee","9371d8e5eb2a6107c91977877930553dce149a29e7b80462296f419a047015a9","db3022ddc406882b1ff329bb6d3578f70b3393115d9fbf6695361e001e290fcd","889490cef74f80afc6f7e9e5e682f904e647143e6772c4b5ac82abce1f9728b4","6aad751007cf9a89350af287f824ab64f096c472c7c9c679fb3d55b6174fc004","07e87ef642059ba8e7f3dd827b3fad2c2fd69d10ce3c1bf68c57d964180c1c86","d1ab665dd306e65aa4e62f85d2a13cd9f8da4d91b746059b62b6e0b88465789f","65c5f971665dd9ea461b625091ccf4732a13f1c95af6dd4b8452e8bdaf22911e","649c2bdfca076bcb9bf6eede2b5a7a865a2058e8ce224678f8df731cbcbe5429","b9b285d313e3f7f912d2798bff9aaa746e77869160f3342d72ed338b84c5a20a","1798cb8ad7edb1138131e47b6817f65c4a55627cbaeaa979afad659d15abfd19","8b90dddefbdbfcad39848f2ca125501a188b37580dac3c5186a607b04cadc7c6","0229cddaba90d2c69898d6198ebfca134a73cb48da68c221117c979e870f22ee","bfd93694d25b61726ad8ac0a81c79fc69ad0f25284363d370668d7246f291e20","e025f206bcd3091e4cf62994de2f16177cdb3a503244f5ae23e51f37b4f24304","96a8ca6da0fecf5f8a0720dd762f44a67ec7d7cd6b5f104cb3055d88e4d7128d","94bddd6c074238483a891a5c0e69fcadd2aa6781b0332f022859fe67ba90ff31","92c817ceaea1aa0ec269065f22bc34c0ddc395d99b706a59db7cbf92cfb2a9f7","c3387af7b93ec8277ec5b9a55f56bd7abc2c20094b6e566077715c8d8a38392a","5c1797392ed8ad280903aff0d21cea86bdf64736f55ef83f64e05b26868e98fb","ecaf5730a77d369d6c57c2ae02f0798c68c49956764a9229ed3cda7596f9a534","f5b4007dff7c18edadc6cc773b20f2bcec6242604045d944199758aefc086285","568a00905974a21e4b824600ac4877977210486800ea6d2284396b82debc11f3","f7343ba4e23979b11ede53671b5c9a97d519b60836bac82e872a497faf603c09","fcbbb9883766d4d49beaf561d20d5743fbe1351bb18a35db54e042b5c16ddcf5","32f0f45f84df09859ef22ace1b7c84e655473a16b9ae8642324244ad16bc806c","aeb6d50178afdf24e6e6728f75040865ab6442290e0afa7c0c2c4617bb41fc16","b75349f41e10181823c43a00643e114d9f54d1b6a610fba093ea2fc4a6f0cbda","66ce22e859b8bde4fa8aaf450f855529f02864f8bbbb9212ed40f8217a8ca747","aa5eff06f089b2e52225238c5560eb935d31c6f244c6ff7ceb7de46215e72d26","5fcd5c559ded0c02b3ed7840ca3ee77e95b798730af98d9f18bc627ac898071e","cffb46dc9cdd4051ede17067e0571381053fce7c0bd3851ba3c5acc2f04b7bc3","652e116e992cd7134acaf9a23b318ee323d51da2fa5fcd5a98a685faafe9919b","c55d034d9cf7abfac7600919cbf4f4ce2f3ea3478df91d01177e8ff136f58918","aff3449bdc238776f5d6d967f19ec491b36aed5fb7f23ccff6500736fd58494a","ebf380e341383bbf65d6a762603f630a9f7610c97f32bd297bc097635bc37ee3","d4e4e8c1e21b6c17a9359bfb913491a145f37383559000585fa13163a2b79e89","da30f5f71771e53a6c4a9b7b230cd5e53170f51f18454482442e6b8f9b941bca","a13478c67af0ea69b30e571b93807627da964422689dbe321d6f932c537949ae","aa332a3912f9f579500863a8e7d63914d233b5def54eff2085374fb4060cc844","c2be0bc9ab04d249f7b771199d75b1fff4f09e9710d2644784fd5370fcf84752","bf442e7f764a86daa6fb6d14140d9afe7cda865d75bbb1c2fad8c2988a4c82dc","922033f1f347cb14781c1f1802e1975475f4f677112e5b81023a4d46e103e57d","5a920e79285527d616f1b76a8fc13283143f7ea1b12187a05e75318027a0c419","bbfc903274847c5dc1100ec0ed045c3d953866bd6680b0651f9925413c2fe83c"],"uploadUrl":"https://upload-firebasehosting.googleapis.com/upload/sites/disneyclone-ae770/versions/b66f4bf1d9c30f12/files"}
[debug] [2021-05-18T13:49:31.380Z] >>> [apiv2][query] POST https://upload-firebasehosting.googleapis.com/upload/sites/disneyclone-ae770/versions/b66f4bf1d9c30f12/files/b85f3e4140753c833e8d470f60c2d2fb0c83528d903f6ccd1e040df0514117e4 [none]
[debug] [2021-05-18T13:49:31.380Z] >>> [apiv2][body] POST https://upload-firebasehosting.googleapis.com/upload/sites/disneyclone-ae770/versions/b66f4bf1d9c30f12/files/b85f3e4140753c833e8d470f60c2d2fb0c83528d903f6ccd1e040df0514117e4 [stream]
[debug] [2021-05-18T13:49:31.381Z] >>> [apiv2][query] POST https://upload-firebasehosting.googleapis.com/upload/sites/disneyclone-ae770/versions/b66f4bf1d9c30f12/files/e25daeaa18d66d4fb7fa4d5d8ddcdad6998f7857f053f3215988eecfd5c8e84d [none]
[debug] [2021-05-18T13:49:31.381Z] >>> [apiv2][body] POST https://upload-firebasehosting.googleapis.com/upload/sites/disneyclone-ae770/versions/b66f4bf1d9c30f12/files/e25daeaa18d66d4fb7fa4d5d8ddcdad6998f7857f053f3215988eecfd5c8e84d [stream]
[debug] [2021-05-18T13:49:31.382Z] >>> [apiv2][query] POST https://upload-firebasehosting.googleapis.com/upload/sites/disneyclone-ae770/versions/b66f4bf1d9c30f12/files/52b9a169969e053d43df6bd21c4dc789c2518d99afd8590a17ef50cd24c77cf6 [none]
[debug] [2021-05-18T13:49:31.382Z] >>> [apiv2][body] POST https://upload-firebasehosting.googleapis.com/upload/sites/disneyclone-ae770/versions/b66f4bf1d9c30f12/files/52b9a169969e053d43df6bd21c4dc789c2518d99afd8590a17ef50cd24c77cf6 [stream]
[debug] [2021-05-18T13:49:31.384Z] >>> [apiv2][query] POST https://upload-firebasehosting.googleapis.com/upload/sites/disneyclone-ae770/versions/b66f4bf1d9c30f12/files/c8d206c68067a0cef562433e79488c522e1dcb5b5098faeacd44926eb169acc4 [none]
[debug] [2021-05-18T13:49:31.384Z] >>> [apiv2][body] POST https://upload-firebasehosting.googleapis.com/upload/sites/disneyclone-ae770/versions/b66f4bf1d9c30f12/files/c8d206c68067a0cef562433e79488c522e1dcb5b5098faeacd44926eb169acc4 [stream]
[debug] [2021-05-18T13:49:31.385Z] >>> [apiv2][query] POST https://upload-firebasehosting.googleapis.com/upload/sites/disneyclone-ae770/versions/b66f4bf1d9c30f12/files/029a727c9e1081d2f9e1015f02f18da88f268512ea4f58589a6f17f532928530 [none]
[debug] [2021-05-18T13:49:31.385Z] >>> [apiv2][body] POST https://upload-firebasehosting.googleapis.com/upload/sites/disneyclone-ae770/versions/b66f4bf1d9c30f12/files/029a727c9e1081d2f9e1015f02f18da88f268512ea4f58589a6f17f532928530 [stream]
[debug] [2021-05-18T13:49:31.386Z] >>> [apiv2][query] POST https://upload-firebasehosting.googleapis.com/upload/sites/disneyclone-ae770/versions/b66f4bf1d9c30f12/files/87aecafb41d21ea93b7af81398237b980c43ee880676c78630ee2d1e9a6d711f [none]
[debug] [2021-05-18T13:49:31.386Z] >>> [apiv2][body] POST https://upload-firebasehosting.googleapis.com/upload/sites/disneyclone-ae770/versions/b66f4bf1d9c30f12/files/87aecafb41d21ea93b7af81398237b980c43ee880676c78630ee2d1e9a6d711f [stream]
[debug] [2021-05-18T13:49:31.386Z] >>> [apiv2][query] POST https://upload-firebasehosting.googleapis.com/upload/sites/disneyclone-ae770/versions/b66f4bf1d9c30f12/files/d00477d40ed40fa1dd3bdee27d9286804121b15fea83bae7d5415d902b055de0 [none]
[debug] [2021-05-18T13:49:31.386Z] >>> [apiv2][body] POST https://upload-firebasehosting.googleapis.com/upload/sites/disneyclone-ae770/versions/b66f4bf1d9c30f12/files/d00477d40ed40fa1dd3bdee27d9286804121b15fea83bae7d5415d902b055de0 [stream]
[debug] [2021-05-18T13:49:31.387Z] >>> [apiv2][query] POST https://upload-firebasehosting.googleapis.com/upload/sites/disneyclone-ae770/versions/b66f4bf1d9c30f12/files/70a3f13a97c9d8dbd915bf3b011acd5d4ab1a84cffd1798043f25efa77c303ee [none]
[debug] [2021-05-18T13:49:31.387Z] >>> [apiv2][body] POST https://upload-firebasehosting.googleapis.com/upload/sites/disneyclone-ae770/versions/b66f4bf1d9c30f12/files/70a3f13a97c9d8dbd915bf3b011acd5d4ab1a84cffd1798043f25efa77c303ee [stream]
[debug] [2021-05-18T13:49:31.388Z] >>> [apiv2][query] POST https://upload-firebasehosting.googleapis.com/upload/sites/disneyclone-ae770/versions/b66f4bf1d9c30f12/files/9371d8e5eb2a6107c91977877930553dce149a29e7b80462296f419a047015a9 [none]
[debug] [2021-05-18T13:49:31.388Z] >>> [apiv2][body] POST https://upload-firebasehosting.googleapis.com/upload/sites/disneyclone-ae770/versions/b66f4bf1d9c30f12/files/9371d8e5eb2a6107c91977877930553dce149a29e7b80462296f419a047015a9 [stream]
[debug] [2021-05-18T13:49:31.389Z] >>> [apiv2][query] POST https://upload-firebasehosting.googleapis.com/upload/sites/disneyclone-ae770/versions/b66f4bf1d9c30f12/files/db3022ddc406882b1ff329bb6d3578f70b3393115d9fbf6695361e001e290fcd [none]
[debug] [2021-05-18T13:49:31.389Z] >>> [apiv2][body] POST https://upload-firebasehosting.googleapis.com/upload/sites/disneyclone-ae770/versions/b66f4bf1d9c30f12/files/db3022ddc406882b1ff329bb6d3578f70b3393115d9fbf6695361e001e290fcd [stream]
[debug] [2021-05-18T13:49:31.389Z] >>> [apiv2][query] POST https://upload-firebasehosting.googleapis.com/upload/sites/disneyclone-ae770/versions/b66f4bf1d9c30f12/files/889490cef74f80afc6f7e9e5e682f904e647143e6772c4b5ac82abce1f9728b4 [none]
[debug] [2021-05-18T13:49:31.389Z] >>> [apiv2][body] POST https://upload-firebasehosting.googleapis.com/upload/sites/disneyclone-ae770/versions/b66f4bf1d9c30f12/files/889490cef74f80afc6f7e9e5e682f904e647143e6772c4b5ac82abce1f9728b4 [stream]
[debug] [2021-05-18T13:49:31.390Z] >>> [apiv2][query] POST https://upload-firebasehosting.googleapis.com/upload/sites/disneyclone-ae770/versions/b66f4bf1d9c30f12/files/6aad751007cf9a89350af287f824ab64f096c472c7c9c679fb3d55b6174fc004 [none]
[debug] [2021-05-18T13:49:31.390Z] >>> [apiv2][body] POST https://upload-firebasehosting.googleapis.com/upload/sites/disneyclone-ae770/versions/b66f4bf1d9c30f12/files/6aad751007cf9a89350af287f824ab64f096c472c7c9c679fb3d55b6174fc004 [stream]
[debug] [2021-05-18T13:49:31.390Z] >>> [apiv2][query] POST https://upload-firebasehosting.googleapis.com/upload/sites/disneyclone-ae770/versions/b66f4bf1d9c30f12/files/07e87ef642059ba8e7f3dd827b3fad2c2fd69d10ce3c1bf68c57d964180c1c86 [none]
[debug] [2021-05-18T13:49:31.391Z] >>> [apiv2][body] POST https://upload-firebasehosting.googleapis.com/upload/sites/disneyclone-ae770/versions/b66f4bf1d9c30f12/files/07e87ef642059ba8e7f3dd827b3fad2c2fd69d10ce3c1bf68c57d964180c1c86 [stream]
[debug] [2021-05-18T13:49:31.392Z] >>> [apiv2][query] POST https://upload-firebasehosting.googleapis.com/upload/sites/disneyclone-ae770/versions/b66f4bf1d9c30f12/files/d1ab665dd306e65aa4e62f85d2a13cd9f8da4d91b746059b62b6e0b88465789f [none]
[debug] [2021-05-18T13:49:31.392Z] >>> [apiv2][body] POST https://upload-firebasehosting.googleapis.com/upload/sites/disneyclone-ae770/versions/b66f4bf1d9c30f12/files/d1ab665dd306e65aa4e62f85d2a13cd9f8da4d91b746059b62b6e0b88465789f [stream]
[debug] [2021-05-18T13:49:31.393Z] >>> [apiv2][query] POST https://upload-firebasehosting.googleapis.com/upload/sites/disneyclone-ae770/versions/b66f4bf1d9c30f12/files/65c5f971665dd9ea461b625091ccf4732a13f1c95af6dd4b8452e8bdaf22911e [none]
[debug] [2021-05-18T13:49:31.393Z] >>> [apiv2][body] POST https://upload-firebasehosting.googleapis.com/upload/sites/disneyclone-ae770/versions/b66f4bf1d9c30f12/files/65c5f971665dd9ea461b625091ccf4732a13f1c95af6dd4b8452e8bdaf22911e [stream]
[debug] [2021-05-18T13:49:31.393Z] >>> [apiv2][query] POST https://upload-firebasehosting.googleapis.com/upload/sites/disneyclone-ae770/versions/b66f4bf1d9c30f12/files/649c2bdfca076bcb9bf6eede2b5a7a865a2058e8ce224678f8df731cbcbe5429 [none]
[debug] [2021-05-18T13:49:31.393Z] >>> [apiv2][body] POST https://upload-firebasehosting.googleapis.com/upload/sites/disneyclone-ae770/versions/b66f4bf1d9c30f12/files/649c2bdfca076bcb9bf6eede2b5a7a865a2058e8ce224678f8df731cbcbe5429 [stream]
[debug] [2021-05-18T13:49:31.394Z] >>> [apiv2][query] POST https://upload-firebasehosting.googleapis.com/upload/sites/disneyclone-ae770/versions/b66f4bf1d9c30f12/files/b9b285d313e3f7f912d2798bff9aaa746e77869160f3342d72ed338b84c5a20a [none]
[debug] [2021-05-18T13:49:31.394Z] >>> [apiv2][body] POST https://upload-firebasehosting.googleapis.com/upload/sites/disneyclone-ae770/versions/b66f4bf1d9c30f12/files/b9b285d313e3f7f912d2798bff9aaa746e77869160f3342d72ed338b84c5a20a [stream]
[debug] [2021-05-18T13:49:31.394Z] >>> [apiv2][query] POST https://upload-firebasehosting.googleapis.com/upload/sites/disneyclone-ae770/versions/b66f4bf1d9c30f12/files/1798cb8ad7edb1138131e47b6817f65c4a55627cbaeaa979afad659d15abfd19 [none]
[debug] [2021-05-18T13:49:31.395Z] >>> [apiv2][body] POST https://upload-firebasehosting.googleapis.com/upload/sites/disneyclone-ae770/versions/b66f4bf1d9c30f12/files/1798cb8ad7edb1138131e47b6817f65c4a55627cbaeaa979afad659d15abfd19 [stream]
[debug] [2021-05-18T13:49:31.395Z] >>> [apiv2][query] POST https://upload-firebasehosting.googleapis.com/upload/sites/disneyclone-ae770/versions/b66f4bf1d9c30f12/files/8b90dddefbdbfcad39848f2ca125501a188b37580dac3c5186a607b04cadc7c6 [none]
[debug] [2021-05-18T13:49:31.395Z] >>> [apiv2][body] POST https://upload-firebasehosting.googleapis.com/upload/sites/disneyclone-ae770/versions/b66f4bf1d9c30f12/files/8b90dddefbdbfcad39848f2ca125501a188b37580dac3c5186a607b04cadc7c6 [stream]
[debug] [2021-05-18T13:49:31.396Z] >>> [apiv2][query] POST https://upload-firebasehosting.googleapis.com/upload/sites/disneyclone-ae770/versions/b66f4bf1d9c30f12/files/0229cddaba90d2c69898d6198ebfca134a73cb48da68c221117c979e870f22ee [none]
[debug] [2021-05-18T13:49:31.396Z] >>> [apiv2][body] POST https://upload-firebasehosting.googleapis.com/upload/sites/disneyclone-ae770/versions/b66f4bf1d9c30f12/files/0229cddaba90d2c69898d6198ebfca134a73cb48da68c221117c979e870f22ee [stream]
[debug] [2021-05-18T13:49:31.396Z] >>> [apiv2][query] POST https://upload-firebasehosting.googleapis.com/upload/sites/disneyclone-ae770/versions/b66f4bf1d9c30f12/files/bfd93694d25b61726ad8ac0a81c79fc69ad0f25284363d370668d7246f291e20 [none]
[debug] [2021-05-18T13:49:31.396Z] >>> [apiv2][body] POST https://upload-firebasehosting.googleapis.com/upload/sites/disneyclone-ae770/versions/b66f4bf1d9c30f12/files/bfd93694d25b61726ad8ac0a81c79fc69ad0f25284363d370668d7246f291e20 [stream]
[debug] [2021-05-18T13:49:31.397Z] >>> [apiv2][query] POST https://upload-firebasehosting.googleapis.com/upload/sites/disneyclone-ae770/versions/b66f4bf1d9c30f12/files/e025f206bcd3091e4cf62994de2f16177cdb3a503244f5ae23e51f37b4f24304 [none]
[debug] [2021-05-18T13:49:31.397Z] >>> [apiv2][body] POST https://upload-firebasehosting.googleapis.com/upload/sites/disneyclone-ae770/versions/b66f4bf1d9c30f12/files/e025f206bcd3091e4cf62994de2f16177cdb3a503244f5ae23e51f37b4f24304 [stream]
[debug] [2021-05-18T13:49:31.397Z] >>> [apiv2][query] POST https://upload-firebasehosting.googleapis.com/upload/sites/disneyclone-ae770/versions/b66f4bf1d9c30f12/files/96a8ca6da0fecf5f8a0720dd762f44a67ec7d7cd6b5f104cb3055d88e4d7128d [none]
[debug] [2021-05-18T13:49:31.397Z] >>> [apiv2][body] POST https://upload-firebasehosting.googleapis.com/upload/sites/disneyclone-ae770/versions/b66f4bf1d9c30f12/files/96a8ca6da0fecf5f8a0720dd762f44a67ec7d7cd6b5f104cb3055d88e4d7128d [stream]
[debug] [2021-05-18T13:49:31.398Z] >>> [apiv2][query] POST https://upload-firebasehosting.googleapis.com/upload/sites/disneyclone-ae770/versions/b66f4bf1d9c30f12/files/94bddd6c074238483a891a5c0e69fcadd2aa6781b0332f022859fe67ba90ff31 [none]
[debug] [2021-05-18T13:49:31.398Z] >>> [apiv2][body] POST https://upload-firebasehosting.googleapis.com/upload/sites/disneyclone-ae770/versions/b66f4bf1d9c30f12/files/94bddd6c074238483a891a5c0e69fcadd2aa6781b0332f022859fe67ba90ff31 [stream]
[debug] [2021-05-18T13:49:31.398Z] >>> [apiv2][query] POST https://upload-firebasehosting.googleapis.com/upload/sites/disneyclone-ae770/versions/b66f4bf1d9c30f12/files/92c817ceaea1aa0ec269065f22bc34c0ddc395d99b706a59db7cbf92cfb2a9f7 [none]
[debug] [2021-05-18T13:49:31.398Z] >>> [apiv2][body] POST https://upload-firebasehosting.googleapis.com/upload/sites/disneyclone-ae770/versions/b66f4bf1d9c30f12/files/92c817ceaea1aa0ec269065f22bc34c0ddc395d99b706a59db7cbf92cfb2a9f7 [stream]
[debug] [2021-05-18T13:49:31.399Z] >>> [apiv2][query] POST https://upload-firebasehosting.googleapis.com/upload/sites/disneyclone-ae770/versions/b66f4bf1d9c30f12/files/c3387af7b93ec8277ec5b9a55f56bd7abc2c20094b6e566077715c8d8a38392a [none]
[debug] [2021-05-18T13:49:31.399Z] >>> [apiv2][body] POST https://upload-firebasehosting.googleapis.com/upload/sites/disneyclone-ae770/versions/b66f4bf1d9c30f12/files/c3387af7b93ec8277ec5b9a55f56bd7abc2c20094b6e566077715c8d8a38392a [stream]
[debug] [2021-05-18T13:49:31.399Z] >>> [apiv2][query] POST https://upload-firebasehosting.googleapis.com/upload/sites/disneyclone-ae770/versions/b66f4bf1d9c30f12/files/5c1797392ed8ad280903aff0d21cea86bdf64736f55ef83f64e05b26868e98fb [none]
[debug] [2021-05-18T13:49:31.400Z] >>> [apiv2][body] POST https://upload-firebasehosting.googleapis.com/upload/sites/disneyclone-ae770/versions/b66f4bf1d9c30f12/files/5c1797392ed8ad280903aff0d21cea86bdf64736f55ef83f64e05b26868e98fb [stream]
[debug] [2021-05-18T13:49:31.400Z] >>> [apiv2][query] POST https://upload-firebasehosting.googleapis.com/upload/sites/disneyclone-ae770/versions/b66f4bf1d9c30f12/files/ecaf5730a77d369d6c57c2ae02f0798c68c49956764a9229ed3cda7596f9a534 [none]
[debug] [2021-05-18T13:49:31.400Z] >>> [apiv2][body] POST https://upload-firebasehosting.googleapis.com/upload/sites/disneyclone-ae770/versions/b66f4bf1d9c30f12/files/ecaf5730a77d369d6c57c2ae02f0798c68c49956764a9229ed3cda7596f9a534 [stream]
[debug] [2021-05-18T13:49:31.401Z] >>> [apiv2][query] POST https://upload-firebasehosting.googleapis.com/upload/sites/disneyclone-ae770/versions/b66f4bf1d9c30f12/files/f5b4007dff7c18edadc6cc773b20f2bcec6242604045d944199758aefc086285 [none]
[debug] [2021-05-18T13:49:31.401Z] >>> [apiv2][body] POST https://upload-firebasehosting.googleapis.com/upload/sites/disneyclone-ae770/versions/b66f4bf1d9c30f12/files/f5b4007dff7c18edadc6cc773b20f2bcec6242604045d944199758aefc086285 [stream]
[debug] [2021-05-18T13:49:31.401Z] >>> [apiv2][query] POST https://upload-firebasehosting.googleapis.com/upload/sites/disneyclone-ae770/versions/b66f4bf1d9c30f12/files/568a00905974a21e4b824600ac4877977210486800ea6d2284396b82debc11f3 [none]
[debug] [2021-05-18T13:49:31.401Z] >>> [apiv2][body] POST https://upload-firebasehosting.googleapis.com/upload/sites/disneyclone-ae770/versions/b66f4bf1d9c30f12/files/568a00905974a21e4b824600ac4877977210486800ea6d2284396b82debc11f3 [stream]
[debug] [2021-05-18T13:49:31.402Z] >>> [apiv2][query] POST https://upload-firebasehosting.googleapis.com/upload/sites/disneyclone-ae770/versions/b66f4bf1d9c30f12/files/f7343ba4e23979b11ede53671b5c9a97d519b60836bac82e872a497faf603c09 [none]
[debug] [2021-05-18T13:49:31.402Z] >>> [apiv2][body] POST https://upload-firebasehosting.googleapis.com/upload/sites/disneyclone-ae770/versions/b66f4bf1d9c30f12/files/f7343ba4e23979b11ede53671b5c9a97d519b60836bac82e872a497faf603c09 [stream]
[debug] [2021-05-18T13:49:31.403Z] >>> [apiv2][query] POST https://upload-firebasehosting.googleapis.com/upload/sites/disneyclone-ae770/versions/b66f4bf1d9c30f12/files/fcbbb9883766d4d49beaf561d20d5743fbe1351bb18a35db54e042b5c16ddcf5 [none]
[debug] [2021-05-18T13:49:31.403Z] >>> [apiv2][body] POST https://upload-firebasehosting.googleapis.com/upload/sites/disneyclone-ae770/versions/b66f4bf1d9c30f12/files/fcbbb9883766d4d49beaf561d20d5743fbe1351bb18a35db54e042b5c16ddcf5 [stream]
[debug] [2021-05-18T13:49:31.403Z] >>> [apiv2][query] POST https://upload-firebasehosting.googleapis.com/upload/sites/disneyclone-ae770/versions/b66f4bf1d9c30f12/files/32f0f45f84df09859ef22ace1b7c84e655473a16b9ae8642324244ad16bc806c [none]
[debug] [2021-05-18T13:49:31.403Z] >>> [apiv2][body] POST https://upload-firebasehosting.googleapis.com/upload/sites/disneyclone-ae770/versions/b66f4bf1d9c30f12/files/32f0f45f84df09859ef22ace1b7c84e655473a16b9ae8642324244ad16bc806c [stream]
[debug] [2021-05-18T13:49:31.404Z] >>> [apiv2][query] POST https://upload-firebasehosting.googleapis.com/upload/sites/disneyclone-ae770/versions/b66f4bf1d9c30f12/files/aeb6d50178afdf24e6e6728f75040865ab6442290e0afa7c0c2c4617bb41fc16 [none]
[debug] [2021-05-18T13:49:31.404Z] >>> [apiv2][body] POST https://upload-firebasehosting.googleapis.com/upload/sites/disneyclone-ae770/versions/b66f4bf1d9c30f12/files/aeb6d50178afdf24e6e6728f75040865ab6442290e0afa7c0c2c4617bb41fc16 [stream]
[debug] [2021-05-18T13:49:31.404Z] >>> [apiv2][query] POST https://upload-firebasehosting.googleapis.com/upload/sites/disneyclone-ae770/versions/b66f4bf1d9c30f12/files/b75349f41e10181823c43a00643e114d9f54d1b6a610fba093ea2fc4a6f0cbda [none]
[debug] [2021-05-18T13:49:31.405Z] >>> [apiv2][body] POST https://upload-firebasehosting.googleapis.com/upload/sites/disneyclone-ae770/versions/b66f4bf1d9c30f12/files/b75349f41e10181823c43a00643e114d9f54d1b6a610fba093ea2fc4a6f0cbda [stream]
[debug] [2021-05-18T13:49:31.405Z] >>> [apiv2][query] POST https://upload-firebasehosting.googleapis.com/upload/sites/disneyclone-ae770/versions/b66f4bf1d9c30f12/files/66ce22e859b8bde4fa8aaf450f855529f02864f8bbbb9212ed40f8217a8ca747 [none]
[debug] [2021-05-18T13:49:31.405Z] >>> [apiv2][body] POST https://upload-firebasehosting.googleapis.com/upload/sites/disneyclone-ae770/versions/b66f4bf1d9c30f12/files/66ce22e859b8bde4fa8aaf450f855529f02864f8bbbb9212ed40f8217a8ca747 [stream]
[debug] [2021-05-18T13:49:31.406Z] >>> [apiv2][query] POST https://upload-firebasehosting.googleapis.com/upload/sites/disneyclone-ae770/versions/b66f4bf1d9c30f12/files/aa5eff06f089b2e52225238c5560eb935d31c6f244c6ff7ceb7de46215e72d26 [none]
[debug] [2021-05-18T13:49:31.406Z] >>> [apiv2][body] POST https://upload-firebasehosting.googleapis.com/upload/sites/disneyclone-ae770/versions/b66f4bf1d9c30f12/files/aa5eff06f089b2e52225238c5560eb935d31c6f244c6ff7ceb7de46215e72d26 [stream]
[debug] [2021-05-18T13:49:31.406Z] >>> [apiv2][query] POST https://upload-firebasehosting.googleapis.com/upload/sites/disneyclone-ae770/versions/b66f4bf1d9c30f12/files/5fcd5c559ded0c02b3ed7840ca3ee77e95b798730af98d9f18bc627ac898071e [none]
[debug] [2021-05-18T13:49:31.406Z] >>> [apiv2][body] POST https://upload-firebasehosting.googleapis.com/upload/sites/disneyclone-ae770/versions/b66f4bf1d9c30f12/files/5fcd5c559ded0c02b3ed7840ca3ee77e95b798730af98d9f18bc627ac898071e [stream]
[debug] [2021-05-18T13:49:31.407Z] >>> [apiv2][query] POST https://upload-firebasehosting.googleapis.com/upload/sites/disneyclone-ae770/versions/b66f4bf1d9c30f12/files/cffb46dc9cdd4051ede17067e0571381053fce7c0bd3851ba3c5acc2f04b7bc3 [none]
[debug] [2021-05-18T13:49:31.408Z] >>> [apiv2][body] POST https://upload-firebasehosting.googleapis.com/upload/sites/disneyclone-ae770/versions/b66f4bf1d9c30f12/files/cffb46dc9cdd4051ede17067e0571381053fce7c0bd3851ba3c5acc2f04b7bc3 [stream]
[debug] [2021-05-18T13:49:31.408Z] >>> [apiv2][query] POST https://upload-firebasehosting.googleapis.com/upload/sites/disneyclone-ae770/versions/b66f4bf1d9c30f12/files/652e116e992cd7134acaf9a23b318ee323d51da2fa5fcd5a98a685faafe9919b [none]
[debug] [2021-05-18T13:49:31.408Z] >>> [apiv2][body] POST https://upload-firebasehosting.googleapis.com/upload/sites/disneyclone-ae770/versions/b66f4bf1d9c30f12/files/652e116e992cd7134acaf9a23b318ee323d51da2fa5fcd5a98a685faafe9919b [stream]
[debug] [2021-05-18T13:49:31.409Z] >>> [apiv2][query] POST https://upload-firebasehosting.googleapis.com/upload/sites/disneyclone-ae770/versions/b66f4bf1d9c30f12/files/c55d034d9cf7abfac7600919cbf4f4ce2f3ea3478df91d01177e8ff136f58918 [none]
[debug] [2021-05-18T13:49:31.409Z] >>> [apiv2][body] POST https://upload-firebasehosting.googleapis.com/upload/sites/disneyclone-ae770/versions/b66f4bf1d9c30f12/files/c55d034d9cf7abfac7600919cbf4f4ce2f3ea3478df91d01177e8ff136f58918 [stream]
[debug] [2021-05-18T13:49:31.409Z] >>> [apiv2][query] POST https://upload-firebasehosting.googleapis.com/upload/sites/disneyclone-ae770/versions/b66f4bf1d9c30f12/files/aff3449bdc238776f5d6d967f19ec491b36aed5fb7f23ccff6500736fd58494a [none]
[debug] [2021-05-18T13:49:31.409Z] >>> [apiv2][body] POST https://upload-firebasehosting.googleapis.com/upload/sites/disneyclone-ae770/versions/b66f4bf1d9c30f12/files/aff3449bdc238776f5d6d967f19ec491b36aed5fb7f23ccff6500736fd58494a [stream]
[debug] [2021-05-18T13:49:31.410Z] >>> [apiv2][query] POST https://upload-firebasehosting.googleapis.com/upload/sites/disneyclone-ae770/versions/b66f4bf1d9c30f12/files/ebf380e341383bbf65d6a762603f630a9f7610c97f32bd297bc097635bc37ee3 [none]
[debug] [2021-05-18T13:49:31.410Z] >>> [apiv2][body] POST https://upload-firebasehosting.googleapis.com/upload/sites/disneyclone-ae770/versions/b66f4bf1d9c30f12/files/ebf380e341383bbf65d6a762603f630a9f7610c97f32bd297bc097635bc37ee3 [stream]
[debug] [2021-05-18T13:49:31.410Z] >>> [apiv2][query] POST https://upload-firebasehosting.googleapis.com/upload/sites/disneyclone-ae770/versions/b66f4bf1d9c30f12/files/d4e4e8c1e21b6c17a9359bfb913491a145f37383559000585fa13163a2b79e89 [none]
[debug] [2021-05-18T13:49:31.410Z] >>> [apiv2][body] POST https://upload-firebasehosting.googleapis.com/upload/sites/disneyclone-ae770/versions/b66f4bf1d9c30f12/files/d4e4e8c1e21b6c17a9359bfb913491a145f37383559000585fa13163a2b79e89 [stream]
[debug] [2021-05-18T13:49:31.411Z] >>> [apiv2][query] POST https://upload-firebasehosting.googleapis.com/upload/sites/disneyclone-ae770/versions/b66f4bf1d9c30f12/files/da30f5f71771e53a6c4a9b7b230cd5e53170f51f18454482442e6b8f9b941bca [none]
[debug] [2021-05-18T13:49:31.411Z] >>> [apiv2][body] POST https://upload-firebasehosting.googleapis.com/upload/sites/disneyclone-ae770/versions/b66f4bf1d9c30f12/files/da30f5f71771e53a6c4a9b7b230cd5e53170f51f18454482442e6b8f9b941bca [stream]
[debug] [2021-05-18T13:49:31.412Z] >>> [apiv2][query] POST https://upload-firebasehosting.googleapis.com/upload/sites/disneyclone-ae770/versions/b66f4bf1d9c30f12/files/a13478c67af0ea69b30e571b93807627da964422689dbe321d6f932c537949ae [none]
[debug] [2021-05-18T13:49:31.412Z] >>> [apiv2][body] POST https://upload-firebasehosting.googleapis.com/upload/sites/disneyclone-ae770/versions/b66f4bf1d9c30f12/files/a13478c67af0ea69b30e571b93807627da964422689dbe321d6f932c537949ae [stream]
[debug] [2021-05-18T13:49:31.413Z] >>> [apiv2][query] POST https://upload-firebasehosting.googleapis.com/upload/sites/disneyclone-ae770/versions/b66f4bf1d9c30f12/files/aa332a3912f9f579500863a8e7d63914d233b5def54eff2085374fb4060cc844 [none]
[debug] [2021-05-18T13:49:31.413Z] >>> [apiv2][body] POST https://upload-firebasehosting.googleapis.com/upload/sites/disneyclone-ae770/versions/b66f4bf1d9c30f12/files/aa332a3912f9f579500863a8e7d63914d233b5def54eff2085374fb4060cc844 [stream]
[debug] [2021-05-18T13:49:31.413Z] >>> [apiv2][query] POST https://upload-firebasehosting.googleapis.com/upload/sites/disneyclone-ae770/versions/b66f4bf1d9c30f12/files/c2be0bc9ab04d249f7b771199d75b1fff4f09e9710d2644784fd5370fcf84752 [none]
[debug] [2021-05-18T13:49:31.413Z] >>> [apiv2][body] POST https://upload-firebasehosting.googleapis.com/upload/sites/disneyclone-ae770/versions/b66f4bf1d9c30f12/files/c2be0bc9ab04d249f7b771199d75b1fff4f09e9710d2644784fd5370fcf84752 [stream]
[debug] [2021-05-18T13:49:31.414Z] >>> [apiv2][query] POST https://upload-firebasehosting.googleapis.com/upload/sites/disneyclone-ae770/versions/b66f4bf1d9c30f12/files/bf442e7f764a86daa6fb6d14140d9afe7cda865d75bbb1c2fad8c2988a4c82dc [none]
[debug] [2021-05-18T13:49:31.414Z] >>> [apiv2][body] POST https://upload-firebasehosting.googleapis.com/upload/sites/disneyclone-ae770/versions/b66f4bf1d9c30f12/files/bf442e7f764a86daa6fb6d14140d9afe7cda865d75bbb1c2fad8c2988a4c82dc [stream]
[debug] [2021-05-18T13:49:31.414Z] >>> [apiv2][query] POST https://upload-firebasehosting.googleapis.com/upload/sites/disneyclone-ae770/versions/b66f4bf1d9c30f12/files/922033f1f347cb14781c1f1802e1975475f4f677112e5b81023a4d46e103e57d [none]
[debug] [2021-05-18T13:49:31.414Z] >>> [apiv2][body] POST https://upload-firebasehosting.googleapis.com/upload/sites/disneyclone-ae770/versions/b66f4bf1d9c30f12/files/922033f1f347cb14781c1f1802e1975475f4f677112e5b81023a4d46e103e57d [stream]
[debug] [2021-05-18T13:49:31.415Z] >>> [apiv2][query] POST https://upload-firebasehosting.googleapis.com/upload/sites/disneyclone-ae770/versions/b66f4bf1d9c30f12/files/5a920e79285527d616f1b76a8fc13283143f7ea1b12187a05e75318027a0c419 [none]
[debug] [2021-05-18T13:49:31.415Z] >>> [apiv2][body] POST https://upload-firebasehosting.googleapis.com/upload/sites/disneyclone-ae770/versions/b66f4bf1d9c30f12/files/5a920e79285527d616f1b76a8fc13283143f7ea1b12187a05e75318027a0c419 [stream]
[debug] [2021-05-18T13:49:31.415Z] >>> [apiv2][query] POST https://upload-firebasehosting.googleapis.com/upload/sites/disneyclone-ae770/versions/b66f4bf1d9c30f12/files/bbfc903274847c5dc1100ec0ed045c3d953866bd6680b0651f9925413c2fe83c [none]
[debug] [2021-05-18T13:49:31.415Z] >>> [apiv2][body] POST https://upload-firebasehosting.googleapis.com/upload/sites/disneyclone-ae770/versions/b66f4bf1d9c30f12/files/bbfc903274847c5dc1100ec0ed045c3d953866bd6680b0651f9925413c2fe83c [stream]
[debug] [2021-05-18T13:49:31.416Z] [hosting][populate queue][FINAL] {"max":2611,"min":2611,"avg":2611,"active":0,"complete":1,"success":1,"errored":0,"retried":0,"total":1,"elapsed":2647}
[debug] [2021-05-18T13:49:31.416Z] [hosting] uploads queued: 52
[debug] [2021-05-18T13:49:34.207Z] <<< [apiv2][status] POST https://upload-firebasehosting.googleapis.com/upload/sites/disneyclone-ae770/versions/b66f4bf1d9c30f12/files/cffb46dc9cdd4051ede17067e0571381053fce7c0bd3851ba3c5acc2f04b7bc3 200
[debug] [2021-05-18T13:49:34.207Z] <<< [apiv2][body] POST https://upload-firebasehosting.googleapis.com/upload/sites/disneyclone-ae770/versions/b66f4bf1d9c30f12/files/cffb46dc9cdd4051ede17067e0571381053fce7c0bd3851ba3c5acc2f04b7bc3 [stream]
[debug] [2021-05-18T13:49:34.259Z] <<< [apiv2][status] POST https://upload-firebasehosting.googleapis.com/upload/sites/disneyclone-ae770/versions/b66f4bf1d9c30f12/files/66ce22e859b8bde4fa8aaf450f855529f02864f8bbbb9212ed40f8217a8ca747 200
[debug] [2021-05-18T13:49:34.259Z] <<< [apiv2][body] POST https://upload-firebasehosting.googleapis.com/upload/sites/disneyclone-ae770/versions/b66f4bf1d9c30f12/files/66ce22e859b8bde4fa8aaf450f855529f02864f8bbbb9212ed40f8217a8ca747 [stream]
[debug] [2021-05-18T13:49:34.327Z] <<< [apiv2][status] POST https://upload-firebasehosting.googleapis.com/upload/sites/disneyclone-ae770/versions/b66f4bf1d9c30f12/files/fcbbb9883766d4d49beaf561d20d5743fbe1351bb18a35db54e042b5c16ddcf5 200
[debug] [2021-05-18T13:49:34.327Z] <<< [apiv2][body] POST https://upload-firebasehosting.googleapis.com/upload/sites/disneyclone-ae770/versions/b66f4bf1d9c30f12/files/fcbbb9883766d4d49beaf561d20d5743fbe1351bb18a35db54e042b5c16ddcf5 [stream]
[debug] [2021-05-18T13:49:34.333Z] <<< [apiv2][status] POST https://upload-firebasehosting.googleapis.com/upload/sites/disneyclone-ae770/versions/b66f4bf1d9c30f12/files/d4e4e8c1e21b6c17a9359bfb913491a145f37383559000585fa13163a2b79e89 200
[debug] [2021-05-18T13:49:34.333Z] <<< [apiv2][body] POST https://upload-firebasehosting.googleapis.com/upload/sites/disneyclone-ae770/versions/b66f4bf1d9c30f12/files/d4e4e8c1e21b6c17a9359bfb913491a145f37383559000585fa13163a2b79e89 [stream]
[debug] [2021-05-18T13:49:34.341Z] <<< [apiv2][status] POST https://upload-firebasehosting.googleapis.com/upload/sites/disneyclone-ae770/versions/b66f4bf1d9c30f12/files/d00477d40ed40fa1dd3bdee27d9286804121b15fea83bae7d5415d902b055de0 200
[debug] [2021-05-18T13:49:34.342Z] <<< [apiv2][body] POST https://upload-firebasehosting.googleapis.com/upload/sites/disneyclone-ae770/versions/b66f4bf1d9c30f12/files/d00477d40ed40fa1dd3bdee27d9286804121b15fea83bae7d5415d902b055de0 [stream]
[debug] [2021-05-18T13:49:34.456Z] <<< [apiv2][status] POST https://upload-firebasehosting.googleapis.com/upload/sites/disneyclone-ae770/versions/b66f4bf1d9c30f12/files/d1ab665dd306e65aa4e62f85d2a13cd9f8da4d91b746059b62b6e0b88465789f 200
[debug] [2021-05-18T13:49:34.457Z] <<< [apiv2][body] POST https://upload-firebasehosting.googleapis.com/upload/sites/disneyclone-ae770/versions/b66f4bf1d9c30f12/files/d1ab665dd306e65aa4e62f85d2a13cd9f8da4d91b746059b62b6e0b88465789f [stream]
[debug] [2021-05-18T13:49:34.466Z] <<< [apiv2][status] POST https://upload-firebasehosting.googleapis.com/upload/sites/disneyclone-ae770/versions/b66f4bf1d9c30f12/files/922033f1f347cb14781c1f1802e1975475f4f677112e5b81023a4d46e103e57d 200
[debug] [2021-05-18T13:49:34.467Z] <<< [apiv2][body] POST https://upload-firebasehosting.googleapis.com/upload/sites/disneyclone-ae770/versions/b66f4bf1d9c30f12/files/922033f1f347cb14781c1f1802e1975475f4f677112e5b81023a4d46e103e57d [stream]
[debug] [2021-05-18T13:49:34.490Z] <<< [apiv2][status] POST https://upload-firebasehosting.googleapis.com/upload/sites/disneyclone-ae770/versions/b66f4bf1d9c30f12/files/e025f206bcd3091e4cf62994de2f16177cdb3a503244f5ae23e51f37b4f24304 200
[debug] [2021-05-18T13:49:34.490Z] <<< [apiv2][body] POST https://upload-firebasehosting.googleapis.com/upload/sites/disneyclone-ae770/versions/b66f4bf1d9c30f12/files/e025f206bcd3091e4cf62994de2f16177cdb3a503244f5ae23e51f37b4f24304 [stream]
[debug] [2021-05-18T13:49:34.514Z] <<< [apiv2][status] POST https://upload-firebasehosting.googleapis.com/upload/sites/disneyclone-ae770/versions/b66f4bf1d9c30f12/files/649c2bdfca076bcb9bf6eede2b5a7a865a2058e8ce224678f8df731cbcbe5429 200
[debug] [2021-05-18T13:49:34.514Z] <<< [apiv2][body] POST https://upload-firebasehosting.googleapis.com/upload/sites/disneyclone-ae770/versions/b66f4bf1d9c30f12/files/649c2bdfca076bcb9bf6eede2b5a7a865a2058e8ce224678f8df731cbcbe5429 [stream]
[debug] [2021-05-18T13:49:34.521Z] <<< [apiv2][status] POST https://upload-firebasehosting.googleapis.com/upload/sites/disneyclone-ae770/versions/b66f4bf1d9c30f12/files/5fcd5c559ded0c02b3ed7840ca3ee77e95b798730af98d9f18bc627ac898071e 200
[debug] [2021-05-18T13:49:34.521Z] <<< [apiv2][body] POST https://upload-firebasehosting.googleapis.com/upload/sites/disneyclone-ae770/versions/b66f4bf1d9c30f12/files/5fcd5c559ded0c02b3ed7840ca3ee77e95b798730af98d9f18bc627ac898071e [stream]
[debug] [2021-05-18T13:49:34.567Z] <<< [apiv2][status] POST https://upload-firebasehosting.googleapis.com/upload/sites/disneyclone-ae770/versions/b66f4bf1d9c30f12/files/ecaf5730a77d369d6c57c2ae02f0798c68c49956764a9229ed3cda7596f9a534 200
[debug] [2021-05-18T13:49:34.567Z] <<< [apiv2][body] POST https://upload-firebasehosting.googleapis.com/upload/sites/disneyclone-ae770/versions/b66f4bf1d9c30f12/files/ecaf5730a77d369d6c57c2ae02f0798c68c49956764a9229ed3cda7596f9a534 [stream]
[debug] [2021-05-18T13:49:34.568Z] <<< [apiv2][status] POST https://upload-firebasehosting.googleapis.com/upload/sites/disneyclone-ae770/versions/b66f4bf1d9c30f12/files/52b9a169969e053d43df6bd21c4dc789c2518d99afd8590a17ef50cd24c77cf6 200
[debug] [2021-05-18T13:49:34.568Z] <<< [apiv2][body] POST https://upload-firebasehosting.googleapis.com/upload/sites/disneyclone-ae770/versions/b66f4bf1d9c30f12/files/52b9a169969e053d43df6bd21c4dc789c2518d99afd8590a17ef50cd24c77cf6 [stream]
[debug] [2021-05-18T13:49:34.679Z] <<< [apiv2][status] POST https://upload-firebasehosting.googleapis.com/upload/sites/disneyclone-ae770/versions/b66f4bf1d9c30f12/files/65c5f971665dd9ea461b625091ccf4732a13f1c95af6dd4b8452e8bdaf22911e 200
[debug] [2021-05-18T13:49:34.680Z] <<< [apiv2][body] POST https://upload-firebasehosting.googleapis.com/upload/sites/disneyclone-ae770/versions/b66f4bf1d9c30f12/files/65c5f971665dd9ea461b625091ccf4732a13f1c95af6dd4b8452e8bdaf22911e [stream]
[debug] [2021-05-18T13:49:34.788Z] <<< [apiv2][status] POST https://upload-firebasehosting.googleapis.com/upload/sites/disneyclone-ae770/versions/b66f4bf1d9c30f12/files/aa5eff06f089b2e52225238c5560eb935d31c6f244c6ff7ceb7de46215e72d26 200
[debug] [2021-05-18T13:49:34.788Z] <<< [apiv2][body] POST https://upload-firebasehosting.googleapis.com/upload/sites/disneyclone-ae770/versions/b66f4bf1d9c30f12/files/aa5eff06f089b2e52225238c5560eb935d31c6f244c6ff7ceb7de46215e72d26 [stream]
[debug] [2021-05-18T13:49:34.789Z] <<< [apiv2][status] POST https://upload-firebasehosting.googleapis.com/upload/sites/disneyclone-ae770/versions/b66f4bf1d9c30f12/files/96a8ca6da0fecf5f8a0720dd762f44a67ec7d7cd6b5f104cb3055d88e4d7128d 200
[debug] [2021-05-18T13:49:34.789Z] <<< [apiv2][body] POST https://upload-firebasehosting.googleapis.com/upload/sites/disneyclone-ae770/versions/b66f4bf1d9c30f12/files/96a8ca6da0fecf5f8a0720dd762f44a67ec7d7cd6b5f104cb3055d88e4d7128d [stream]
[debug] [2021-05-18T13:49:35.089Z] <<< [apiv2][status] POST https://upload-firebasehosting.googleapis.com/upload/sites/disneyclone-ae770/versions/b66f4bf1d9c30f12/files/aff3449bdc238776f5d6d967f19ec491b36aed5fb7f23ccff6500736fd58494a 200
[debug] [2021-05-18T13:49:35.090Z] <<< [apiv2][body] POST https://upload-firebasehosting.googleapis.com/upload/sites/disneyclone-ae770/versions/b66f4bf1d9c30f12/files/aff3449bdc238776f5d6d967f19ec491b36aed5fb7f23ccff6500736fd58494a [stream]
[debug] [2021-05-18T13:49:35.108Z] <<< [apiv2][status] POST https://upload-firebasehosting.googleapis.com/upload/sites/disneyclone-ae770/versions/b66f4bf1d9c30f12/files/029a727c9e1081d2f9e1015f02f18da88f268512ea4f58589a6f17f532928530 200
[debug] [2021-05-18T13:49:35.108Z] <<< [apiv2][body] POST https://upload-firebasehosting.googleapis.com/upload/sites/disneyclone-ae770/versions/b66f4bf1d9c30f12/files/029a727c9e1081d2f9e1015f02f18da88f268512ea4f58589a6f17f532928530 [stream]
[debug] [2021-05-18T13:49:35.322Z] <<< [apiv2][status] POST https://upload-firebasehosting.googleapis.com/upload/sites/disneyclone-ae770/versions/b66f4bf1d9c30f12/files/652e116e992cd7134acaf9a23b318ee323d51da2fa5fcd5a98a685faafe9919b 200
[debug] [2021-05-18T13:49:35.322Z] <<< [apiv2][body] POST https://upload-firebasehosting.googleapis.com/upload/sites/disneyclone-ae770/versions/b66f4bf1d9c30f12/files/652e116e992cd7134acaf9a23b318ee323d51da2fa5fcd5a98a685faafe9919b [stream]
[debug] [2021-05-18T13:49:35.399Z] <<< [apiv2][status] POST https://upload-firebasehosting.googleapis.com/upload/sites/disneyclone-ae770/versions/b66f4bf1d9c30f12/files/94bddd6c074238483a891a5c0e69fcadd2aa6781b0332f022859fe67ba90ff31 200
[debug] [2021-05-18T13:49:35.399Z] <<< [apiv2][body] POST https://upload-firebasehosting.googleapis.com/upload/sites/disneyclone-ae770/versions/b66f4bf1d9c30f12/files/94bddd6c074238483a891a5c0e69fcadd2aa6781b0332f022859fe67ba90ff31 [stream]
[debug] [2021-05-18T13:49:35.497Z] <<< [apiv2][status] POST https://upload-firebasehosting.googleapis.com/upload/sites/disneyclone-ae770/versions/b66f4bf1d9c30f12/files/f7343ba4e23979b11ede53671b5c9a97d519b60836bac82e872a497faf603c09 200
[debug] [2021-05-18T13:49:35.497Z] <<< [apiv2][body] POST https://upload-firebasehosting.googleapis.com/upload/sites/disneyclone-ae770/versions/b66f4bf1d9c30f12/files/f7343ba4e23979b11ede53671b5c9a97d519b60836bac82e872a497faf603c09 [stream]
[debug] [2021-05-18T13:49:35.510Z] <<< [apiv2][status] POST https://upload-firebasehosting.googleapis.com/upload/sites/disneyclone-ae770/versions/b66f4bf1d9c30f12/files/889490cef74f80afc6f7e9e5e682f904e647143e6772c4b5ac82abce1f9728b4 200
[debug] [2021-05-18T13:49:35.511Z] <<< [apiv2][body] POST https://upload-firebasehosting.googleapis.com/upload/sites/disneyclone-ae770/versions/b66f4bf1d9c30f12/files/889490cef74f80afc6f7e9e5e682f904e647143e6772c4b5ac82abce1f9728b4 [stream]
[debug] [2021-05-18T13:49:35.625Z] <<< [apiv2][status] POST https://upload-firebasehosting.googleapis.com/upload/sites/disneyclone-ae770/versions/b66f4bf1d9c30f12/files/0229cddaba90d2c69898d6198ebfca134a73cb48da68c221117c979e870f22ee 200
[debug] [2021-05-18T13:49:35.626Z] <<< [apiv2][body] POST https://upload-firebasehosting.googleapis.com/upload/sites/disneyclone-ae770/versions/b66f4bf1d9c30f12/files/0229cddaba90d2c69898d6198ebfca134a73cb48da68c221117c979e870f22ee [stream]
[debug] [2021-05-18T13:49:35.937Z] <<< [apiv2][status] POST https://upload-firebasehosting.googleapis.com/upload/sites/disneyclone-ae770/versions/b66f4bf1d9c30f12/files/da30f5f71771e53a6c4a9b7b230cd5e53170f51f18454482442e6b8f9b941bca 200
[debug] [2021-05-18T13:49:35.938Z] <<< [apiv2][body] POST https://upload-firebasehosting.googleapis.com/upload/sites/disneyclone-ae770/versions/b66f4bf1d9c30f12/files/da30f5f71771e53a6c4a9b7b230cd5e53170f51f18454482442e6b8f9b941bca [stream]
[debug] [2021-05-18T13:49:37.331Z] <<< [apiv2][status] POST https://upload-firebasehosting.googleapis.com/upload/sites/disneyclone-ae770/versions/b66f4bf1d9c30f12/files/bbfc903274847c5dc1100ec0ed045c3d953866bd6680b0651f9925413c2fe83c 200
[debug] [2021-05-18T13:49:37.331Z] <<< [apiv2][body] POST https://upload-firebasehosting.googleapis.com/upload/sites/disneyclone-ae770/versions/b66f4bf1d9c30f12/files/bbfc903274847c5dc1100ec0ed045c3d953866bd6680b0651f9925413c2fe83c [stream]
[debug] [2021-05-18T13:49:37.403Z] <<< [apiv2][status] POST https://upload-firebasehosting.googleapis.com/upload/sites/disneyclone-ae770/versions/b66f4bf1d9c30f12/files/a13478c67af0ea69b30e571b93807627da964422689dbe321d6f932c537949ae 200
[debug] [2021-05-18T13:49:37.403Z] <<< [apiv2][body] POST https://upload-firebasehosting.googleapis.com/upload/sites/disneyclone-ae770/versions/b66f4bf1d9c30f12/files/a13478c67af0ea69b30e571b93807627da964422689dbe321d6f932c537949ae [stream]
[debug] [2021-05-18T13:49:37.964Z] <<< [apiv2][status] POST https://upload-firebasehosting.googleapis.com/upload/sites/disneyclone-ae770/versions/b66f4bf1d9c30f12/files/70a3f13a97c9d8dbd915bf3b011acd5d4ab1a84cffd1798043f25efa77c303ee 200
[debug] [2021-05-18T13:49:37.964Z] <<< [apiv2][body] POST https://upload-firebasehosting.googleapis.com/upload/sites/disneyclone-ae770/versions/b66f4bf1d9c30f12/files/70a3f13a97c9d8dbd915bf3b011acd5d4ab1a84cffd1798043f25efa77c303ee [stream]
[debug] [2021-05-18T13:49:40.259Z] <<< [apiv2][status] POST https://upload-firebasehosting.googleapis.com/upload/sites/disneyclone-ae770/versions/b66f4bf1d9c30f12/files/07e87ef642059ba8e7f3dd827b3fad2c2fd69d10ce3c1bf68c57d964180c1c86 200
[debug] [2021-05-18T13:49:40.259Z] <<< [apiv2][body] POST https://upload-firebasehosting.googleapis.com/upload/sites/disneyclone-ae770/versions/b66f4bf1d9c30f12/files/07e87ef642059ba8e7f3dd827b3fad2c2fd69d10ce3c1bf68c57d964180c1c86 [stream]
[debug] [2021-05-18T13:49:40.364Z] <<< [apiv2][status] POST https://upload-firebasehosting.googleapis.com/upload/sites/disneyclone-ae770/versions/b66f4bf1d9c30f12/files/bfd93694d25b61726ad8ac0a81c79fc69ad0f25284363d370668d7246f291e20 200
[debug] [2021-05-18T13:49:40.364Z] <<< [apiv2][body] POST https://upload-firebasehosting.googleapis.com/upload/sites/disneyclone-ae770/versions/b66f4bf1d9c30f12/files/bfd93694d25b61726ad8ac0a81c79fc69ad0f25284363d370668d7246f291e20 [stream]
[debug] [2021-05-18T13:49:40.453Z] <<< [apiv2][status] POST https://upload-firebasehosting.googleapis.com/upload/sites/disneyclone-ae770/versions/b66f4bf1d9c30f12/files/568a00905974a21e4b824600ac4877977210486800ea6d2284396b82debc11f3 200
[debug] [2021-05-18T13:49:40.454Z] <<< [apiv2][body] POST https://upload-firebasehosting.googleapis.com/upload/sites/disneyclone-ae770/versions/b66f4bf1d9c30f12/files/568a00905974a21e4b824600ac4877977210486800ea6d2284396b82debc11f3 [stream]
[debug] [2021-05-18T13:49:40.697Z] <<< [apiv2][status] POST https://upload-firebasehosting.googleapis.com/upload/sites/disneyclone-ae770/versions/b66f4bf1d9c30f12/files/aa332a3912f9f579500863a8e7d63914d233b5def54eff2085374fb4060cc844 200
[debug] [2021-05-18T13:49:40.697Z] <<< [apiv2][body] POST https://upload-firebasehosting.googleapis.com/upload/sites/disneyclone-ae770/versions/b66f4bf1d9c30f12/files/aa332a3912f9f579500863a8e7d63914d233b5def54eff2085374fb4060cc844 [stream]
[debug] [2021-05-18T13:49:41.039Z] <<< [apiv2][status] POST https://upload-firebasehosting.googleapis.com/upload/sites/disneyclone-ae770/versions/b66f4bf1d9c30f12/files/b75349f41e10181823c43a00643e114d9f54d1b6a610fba093ea2fc4a6f0cbda 200
[debug] [2021-05-18T13:49:41.039Z] <<< [apiv2][body] POST https://upload-firebasehosting.googleapis.com/upload/sites/disneyclone-ae770/versions/b66f4bf1d9c30f12/files/b75349f41e10181823c43a00643e114d9f54d1b6a610fba093ea2fc4a6f0cbda [stream]
[debug] [2021-05-18T13:49:52.295Z] [uploadQueue] Retrying task b9b285d313e3f7f912d2798bff9aaa746e77869160f3342d72ed338b84c5a20a
[debug] [2021-05-18T13:49:52.296Z] >>> [apiv2][query] POST https://upload-firebasehosting.googleapis.com/upload/sites/disneyclone-ae770/versions/b66f4bf1d9c30f12/files/b9b285d313e3f7f912d2798bff9aaa746e77869160f3342d72ed338b84c5a20a [none]
[debug] [2021-05-18T13:49:52.296Z] >>> [apiv2][body] POST https://upload-firebasehosting.googleapis.com/upload/sites/disneyclone-ae770/versions/b66f4bf1d9c30f12/files/b9b285d313e3f7f912d2798bff9aaa746e77869160f3342d72ed338b84c5a20a [stream]
[debug] [2021-05-18T13:49:52.301Z] [uploadQueue] Retrying task b85f3e4140753c833e8d470f60c2d2fb0c83528d903f6ccd1e040df0514117e4
[debug] [2021-05-18T13:49:52.301Z] >>> [apiv2][query] POST https://upload-firebasehosting.googleapis.com/upload/sites/disneyclone-ae770/versions/b66f4bf1d9c30f12/files/b85f3e4140753c833e8d470f60c2d2fb0c83528d903f6ccd1e040df0514117e4 [none]
[debug] [2021-05-18T13:49:52.301Z] >>> [apiv2][body] POST https://upload-firebasehosting.googleapis.com/upload/sites/disneyclone-ae770/versions/b66f4bf1d9c30f12/files/b85f3e4140753c833e8d470f60c2d2fb0c83528d903f6ccd1e040df0514117e4 [stream]
[debug] [2021-05-18T13:49:52.591Z] [uploadQueue] Retrying task c3387af7b93ec8277ec5b9a55f56bd7abc2c20094b6e566077715c8d8a38392a
[debug] [2021-05-18T13:49:52.592Z] >>> [apiv2][query] POST https://upload-firebasehosting.googleapis.com/upload/sites/disneyclone-ae770/versions/b66f4bf1d9c30f12/files/c3387af7b93ec8277ec5b9a55f56bd7abc2c20094b6e566077715c8d8a38392a [none]
[debug] [2021-05-18T13:49:52.592Z] >>> [apiv2][body] POST https://upload-firebasehosting.googleapis.com/upload/sites/disneyclone-ae770/versions/b66f4bf1d9c30f12/files/c3387af7b93ec8277ec5b9a55f56bd7abc2c20094b6e566077715c8d8a38392a [stream]
[debug] [2021-05-18T13:49:52.702Z] [uploadQueue] Retrying task e25daeaa18d66d4fb7fa4d5d8ddcdad6998f7857f053f3215988eecfd5c8e84d
[debug] [2021-05-18T13:49:52.702Z] >>> [apiv2][query] POST https://upload-firebasehosting.googleapis.com/upload/sites/disneyclone-ae770/versions/b66f4bf1d9c30f12/files/e25daeaa18d66d4fb7fa4d5d8ddcdad6998f7857f053f3215988eecfd5c8e84d [none]
[debug] [2021-05-18T13:49:52.703Z] >>> [apiv2][body] POST https://upload-firebasehosting.googleapis.com/upload/sites/disneyclone-ae770/versions/b66f4bf1d9c30f12/files/e25daeaa18d66d4fb7fa4d5d8ddcdad6998f7857f053f3215988eecfd5c8e84d [stream]
[debug] [2021-05-18T13:49:53.950Z] [uploadQueue] Retrying task 9371d8e5eb2a6107c91977877930553dce149a29e7b80462296f419a047015a9
[debug] [2021-05-18T13:49:53.951Z] >>> [apiv2][query] POST https://upload-firebasehosting.googleapis.com/upload/sites/disneyclone-ae770/versions/b66f4bf1d9c30f12/files/9371d8e5eb2a6107c91977877930553dce149a29e7b80462296f419a047015a9 [none]
[debug] [2021-05-18T13:49:53.951Z] >>> [apiv2][body] POST https://upload-firebasehosting.googleapis.com/upload/sites/disneyclone-ae770/versions/b66f4bf1d9c30f12/files/9371d8e5eb2a6107c91977877930553dce149a29e7b80462296f419a047015a9 [stream]
[debug] [2021-05-18T13:49:53.952Z] [uploadQueue] Retrying task c8d206c68067a0cef562433e79488c522e1dcb5b5098faeacd44926eb169acc4
[debug] [2021-05-18T13:49:53.953Z] >>> [apiv2][query] POST https://upload-firebasehosting.googleapis.com/upload/sites/disneyclone-ae770/versions/b66f4bf1d9c30f12/files/c8d206c68067a0cef562433e79488c522e1dcb5b5098faeacd44926eb169acc4 [none]
[debug] [2021-05-18T13:49:53.953Z] >>> [apiv2][body] POST https://upload-firebasehosting.googleapis.com/upload/sites/disneyclone-ae770/versions/b66f4bf1d9c30f12/files/c8d206c68067a0cef562433e79488c522e1dcb5b5098faeacd44926eb169acc4 [stream]
[debug] [2021-05-18T13:49:53.955Z] [uploadQueue] Retrying task 5c1797392ed8ad280903aff0d21cea86bdf64736f55ef83f64e05b26868e98fb
[debug] [2021-05-18T13:49:53.957Z] >>> [apiv2][query] POST https://upload-firebasehosting.googleapis.com/upload/sites/disneyclone-ae770/versions/b66f4bf1d9c30f12/files/5c1797392ed8ad280903aff0d21cea86bdf64736f55ef83f64e05b26868e98fb [none]
[debug] [2021-05-18T13:49:53.957Z] >>> [apiv2][body] POST https://upload-firebasehosting.googleapis.com/upload/sites/disneyclone-ae770/versions/b66f4bf1d9c30f12/files/5c1797392ed8ad280903aff0d21cea86bdf64736f55ef83f64e05b26868e98fb [stream]
[debug] [2021-05-18T13:49:53.958Z] [uploadQueue] Retrying task bf442e7f764a86daa6fb6d14140d9afe7cda865d75bbb1c2fad8c2988a4c82dc
[debug] [2021-05-18T13:49:53.958Z] >>> [apiv2][query] POST https://upload-firebasehosting.googleapis.com/upload/sites/disneyclone-ae770/versions/b66f4bf1d9c30f12/files/bf442e7f764a86daa6fb6d14140d9afe7cda865d75bbb1c2fad8c2988a4c82dc [none]
[debug] [2021-05-18T13:49:53.958Z] >>> [apiv2][body] POST https://upload-firebasehosting.googleapis.com/upload/sites/disneyclone-ae770/versions/b66f4bf1d9c30f12/files/bf442e7f764a86daa6fb6d14140d9afe7cda865d75bbb1c2fad8c2988a4c82dc [stream]
[debug] [2021-05-18T13:49:53.959Z] [uploadQueue] Retrying task 87aecafb41d21ea93b7af81398237b980c43ee880676c78630ee2d1e9a6d711f
[debug] [2021-05-18T13:49:53.960Z] >>> [apiv2][query] POST https://upload-firebasehosting.googleapis.com/upload/sites/disneyclone-ae770/versions/b66f4bf1d9c30f12/files/87aecafb41d21ea93b7af81398237b980c43ee880676c78630ee2d1e9a6d711f [none]
[debug] [2021-05-18T13:49:53.960Z] >>> [apiv2][body] POST https://upload-firebasehosting.googleapis.com/upload/sites/disneyclone-ae770/versions/b66f4bf1d9c30f12/files/87aecafb41d21ea93b7af81398237b980c43ee880676c78630ee2d1e9a6d711f [stream]
[debug] [2021-05-18T13:49:53.961Z] [uploadQueue] Retrying task 1798cb8ad7edb1138131e47b6817f65c4a55627cbaeaa979afad659d15abfd19
[debug] [2021-05-18T13:49:53.961Z] >>> [apiv2][query] POST https://upload-firebasehosting.googleapis.com/upload/sites/disneyclone-ae770/versions/b66f4bf1d9c30f12/files/1798cb8ad7edb1138131e47b6817f65c4a55627cbaeaa979afad659d15abfd19 [none]
[debug] [2021-05-18T13:49:53.961Z] >>> [apiv2][body] POST https://upload-firebasehosting.googleapis.com/upload/sites/disneyclone-ae770/versions/b66f4bf1d9c30f12/files/1798cb8ad7edb1138131e47b6817f65c4a55627cbaeaa979afad659d15abfd19 [stream]
[debug] [2021-05-18T13:49:53.963Z] [uploadQueue] Retrying task 92c817ceaea1aa0ec269065f22bc34c0ddc395d99b706a59db7cbf92cfb2a9f7
[debug] [2021-05-18T13:49:53.964Z] >>> [apiv2][query] POST https://upload-firebasehosting.googleapis.com/upload/sites/disneyclone-ae770/versions/b66f4bf1d9c30f12/files/92c817ceaea1aa0ec269065f22bc34c0ddc395d99b706a59db7cbf92cfb2a9f7 [none]
[debug] [2021-05-18T13:49:53.964Z] >>> [apiv2][body] POST https://upload-firebasehosting.googleapis.com/upload/sites/disneyclone-ae770/versions/b66f4bf1d9c30f12/files/92c817ceaea1aa0ec269065f22bc34c0ddc395d99b706a59db7cbf92cfb2a9f7 [stream]
[debug] [2021-05-18T13:49:53.965Z] [uploadQueue] Retrying task 32f0f45f84df09859ef22ace1b7c84e655473a16b9ae8642324244ad16bc806c
[debug] [2021-05-18T13:49:53.965Z] >>> [apiv2][query] POST https://upload-firebasehosting.googleapis.com/upload/sites/disneyclone-ae770/versions/b66f4bf1d9c30f12/files/32f0f45f84df09859ef22ace1b7c84e655473a16b9ae8642324244ad16bc806c [none]
[debug] [2021-05-18T13:49:53.965Z] >>> [apiv2][body] POST https://upload-firebasehosting.googleapis.com/upload/sites/disneyclone-ae770/versions/b66f4bf1d9c30f12/files/32f0f45f84df09859ef22ace1b7c84e655473a16b9ae8642324244ad16bc806c [stream]
[debug] [2021-05-18T13:49:53.966Z] [uploadQueue] Retrying task 6aad751007cf9a89350af287f824ab64f096c472c7c9c679fb3d55b6174fc004
[debug] [2021-05-18T13:49:53.966Z] >>> [apiv2][query] POST https://upload-firebasehosting.googleapis.com/upload/sites/disneyclone-ae770/versions/b66f4bf1d9c30f12/files/6aad751007cf9a89350af287f824ab64f096c472c7c9c679fb3d55b6174fc004 [none]
[debug] [2021-05-18T13:49:53.966Z] >>> [apiv2][body] POST https://upload-firebasehosting.googleapis.com/upload/sites/disneyclone-ae770/versions/b66f4bf1d9c30f12/files/6aad751007cf9a89350af287f824ab64f096c472c7c9c679fb3d55b6174fc004 [stream]
[debug] [2021-05-18T13:49:53.967Z] [uploadQueue] Retrying task ebf380e341383bbf65d6a762603f630a9f7610c97f32bd297bc097635bc37ee3
[debug] [2021-05-18T13:49:53.967Z] >>> [apiv2][query] POST https://upload-firebasehosting.googleapis.com/upload/sites/disneyclone-ae770/versions/b66f4bf1d9c30f12/files/ebf380e341383bbf65d6a762603f630a9f7610c97f32bd297bc097635bc37ee3 [none]
[debug] [2021-05-18T13:49:53.968Z] >>> [apiv2][body] POST https://upload-firebasehosting.googleapis.com/upload/sites/disneyclone-ae770/versions/b66f4bf1d9c30f12/files/ebf380e341383bbf65d6a762603f630a9f7610c97f32bd297bc097635bc37ee3 [stream]
[debug] [2021-05-18T13:49:53.968Z] [uploadQueue] Retrying task aeb6d50178afdf24e6e6728f75040865ab6442290e0afa7c0c2c4617bb41fc16
[debug] [2021-05-18T13:49:53.968Z] >>> [apiv2][query] POST https://upload-firebasehosting.googleapis.com/upload/sites/disneyclone-ae770/versions/b66f4bf1d9c30f12/files/aeb6d50178afdf24e6e6728f75040865ab6442290e0afa7c0c2c4617bb41fc16 [none]
[debug] [2021-05-18T13:49:53.969Z] >>> [apiv2][body] POST https://upload-firebasehosting.googleapis.com/upload/sites/disneyclone-ae770/versions/b66f4bf1d9c30f12/files/aeb6d50178afdf24e6e6728f75040865ab6442290e0afa7c0c2c4617bb41fc16 [stream]
[debug] [2021-05-18T13:49:53.969Z] [uploadQueue] Retrying task db3022ddc406882b1ff329bb6d3578f70b3393115d9fbf6695361e001e290fcd
[debug] [2021-05-18T13:49:53.969Z] >>> [apiv2][query] POST https://upload-firebasehosting.googleapis.com/upload/sites/disneyclone-ae770/versions/b66f4bf1d9c30f12/files/db3022ddc406882b1ff329bb6d3578f70b3393115d9fbf6695361e001e290fcd [none]
[debug] [2021-05-18T13:49:53.970Z] >>> [apiv2][body] POST https://upload-firebasehosting.googleapis.com/upload/sites/disneyclone-ae770/versions/b66f4bf1d9c30f12/files/db3022ddc406882b1ff329bb6d3578f70b3393115d9fbf6695361e001e290fcd [stream]
[debug] [2021-05-18T13:49:53.970Z] [uploadQueue] Retrying task 8b90dddefbdbfcad39848f2ca125501a188b37580dac3c5186a607b04cadc7c6
[debug] [2021-05-18T13:49:53.971Z] >>> [apiv2][query] POST https://upload-firebasehosting.googleapis.com/upload/sites/disneyclone-ae770/versions/b66f4bf1d9c30f12/files/8b90dddefbdbfcad39848f2ca125501a188b37580dac3c5186a607b04cadc7c6 [none]
[debug] [2021-05-18T13:49:53.971Z] >>> [apiv2][body] POST https://upload-firebasehosting.googleapis.com/upload/sites/disneyclone-ae770/versions/b66f4bf1d9c30f12/files/8b90dddefbdbfcad39848f2ca125501a188b37580dac3c5186a607b04cadc7c6 [stream]
[debug] [2021-05-18T13:49:53.973Z] [uploadQueue] Retrying task f5b4007dff7c18edadc6cc773b20f2bcec6242604045d944199758aefc086285
[debug] [2021-05-18T13:49:53.974Z] >>> [apiv2][query] POST https://upload-firebasehosting.googleapis.com/upload/sites/disneyclone-ae770/versions/b66f4bf1d9c30f12/files/f5b4007dff7c18edadc6cc773b20f2bcec6242604045d944199758aefc086285 [none]
[debug] [2021-05-18T13:49:53.974Z] >>> [apiv2][body] POST https://upload-firebasehosting.googleapis.com/upload/sites/disneyclone-ae770/versions/b66f4bf1d9c30f12/files/f5b4007dff7c18edadc6cc773b20f2bcec6242604045d944199758aefc086285 [stream]
[debug] [2021-05-18T13:49:53.975Z] [uploadQueue] Retrying task 5a920e79285527d616f1b76a8fc13283143f7ea1b12187a05e75318027a0c419
[debug] [2021-05-18T13:49:53.975Z] >>> [apiv2][query] POST https://upload-firebasehosting.googleapis.com/upload/sites/disneyclone-ae770/versions/b66f4bf1d9c30f12/files/5a920e79285527d616f1b76a8fc13283143f7ea1b12187a05e75318027a0c419 [none]
[debug] [2021-05-18T13:49:53.975Z] >>> [apiv2][body] POST https://upload-firebasehosting.googleapis.com/upload/sites/disneyclone-ae770/versions/b66f4bf1d9c30f12/files/5a920e79285527d616f1b76a8fc13283143f7ea1b12187a05e75318027a0c419 [stream]
[debug] [2021-05-18T13:49:53.975Z] [uploadQueue] Retrying task c55d034d9cf7abfac7600919cbf4f4ce2f3ea3478df91d01177e8ff136f58918
[debug] [2021-05-18T13:49:53.976Z] >>> [apiv2][query] POST https://upload-firebasehosting.googleapis.com/upload/sites/disneyclone-ae770/versions/b66f4bf1d9c30f12/files/c55d034d9cf7abfac7600919cbf4f4ce2f3ea3478df91d01177e8ff136f58918 [none]
[debug] [2021-05-18T13:49:53.976Z] >>> [apiv2][body] POST https://upload-firebasehosting.googleapis.com/upload/sites/disneyclone-ae770/versions/b66f4bf1d9c30f12/files/c55d034d9cf7abfac7600919cbf4f4ce2f3ea3478df91d01177e8ff136f58918 [stream]
[debug] [2021-05-18T13:49:53.976Z] [uploadQueue] Retrying task c2be0bc9ab04d249f7b771199d75b1fff4f09e9710d2644784fd5370fcf84752
[debug] [2021-05-18T13:49:53.977Z] >>> [apiv2][query] POST https://upload-firebasehosting.googleapis.com/upload/sites/disneyclone-ae770/versions/b66f4bf1d9c30f12/files/c2be0bc9ab04d249f7b771199d75b1fff4f09e9710d2644784fd5370fcf84752 [none]
[debug] [2021-05-18T13:49:53.978Z] >>> [apiv2][body] POST https://upload-firebasehosting.googleapis.com/upload/sites/disneyclone-ae770/versions/b66f4bf1d9c30f12/files/c2be0bc9ab04d249f7b771199d75b1fff4f09e9710d2644784fd5370fcf84752 [stream]
[debug] [2021-05-18T13:49:55.666Z] <<< [apiv2][status] POST https://upload-firebasehosting.googleapis.com/upload/sites/disneyclone-ae770/versions/b66f4bf1d9c30f12/files/c3387af7b93ec8277ec5b9a55f56bd7abc2c20094b6e566077715c8d8a38392a 200
[debug] [2021-05-18T13:49:55.667Z] <<< [apiv2][body] POST https://upload-firebasehosting.googleapis.com/upload/sites/disneyclone-ae770/versions/b66f4bf1d9c30f12/files/c3387af7b93ec8277ec5b9a55f56bd7abc2c20094b6e566077715c8d8a38392a [stream]
[debug] [2021-05-18T13:49:55.669Z] <<< [apiv2][status] POST https://upload-firebasehosting.googleapis.com/upload/sites/disneyclone-ae770/versions/b66f4bf1d9c30f12/files/5a920e79285527d616f1b76a8fc13283143f7ea1b12187a05e75318027a0c419 200
[debug] [2021-05-18T13:49:55.669Z] <<< [apiv2][body] POST https://upload-firebasehosting.googleapis.com/upload/sites/disneyclone-ae770/versions/b66f4bf1d9c30f12/files/5a920e79285527d616f1b76a8fc13283143f7ea1b12187a05e75318027a0c419 [stream]
[debug] [2021-05-18T13:49:55.781Z] <<< [apiv2][status] POST https://upload-firebasehosting.googleapis.com/upload/sites/disneyclone-ae770/versions/b66f4bf1d9c30f12/files/92c817ceaea1aa0ec269065f22bc34c0ddc395d99b706a59db7cbf92cfb2a9f7 200
[debug] [2021-05-18T13:49:55.782Z] <<< [apiv2][body] POST https://upload-firebasehosting.googleapis.com/upload/sites/disneyclone-ae770/versions/b66f4bf1d9c30f12/files/92c817ceaea1aa0ec269065f22bc34c0ddc395d99b706a59db7cbf92cfb2a9f7 [stream]
[debug] [2021-05-18T13:49:55.806Z] <<< [apiv2][status] POST https://upload-firebasehosting.googleapis.com/upload/sites/disneyclone-ae770/versions/b66f4bf1d9c30f12/files/f5b4007dff7c18edadc6cc773b20f2bcec6242604045d944199758aefc086285 200
[debug] [2021-05-18T13:49:55.807Z] <<< [apiv2][body] POST https://upload-firebasehosting.googleapis.com/upload/sites/disneyclone-ae770/versions/b66f4bf1d9c30f12/files/f5b4007dff7c18edadc6cc773b20f2bcec6242604045d944199758aefc086285 [stream]
[debug] [2021-05-18T13:49:55.875Z] <<< [apiv2][status] POST https://upload-firebasehosting.googleapis.com/upload/sites/disneyclone-ae770/versions/b66f4bf1d9c30f12/files/aeb6d50178afdf24e6e6728f75040865ab6442290e0afa7c0c2c4617bb41fc16 200
[debug] [2021-05-18T13:49:55.876Z] <<< [apiv2][body] POST https://upload-firebasehosting.googleapis.com/upload/sites/disneyclone-ae770/versions/b66f4bf1d9c30f12/files/aeb6d50178afdf24e6e6728f75040865ab6442290e0afa7c0c2c4617bb41fc16 [stream]
[debug] [2021-05-18T13:49:56.153Z] <<< [apiv2][status] POST https://upload-firebasehosting.googleapis.com/upload/sites/disneyclone-ae770/versions/b66f4bf1d9c30f12/files/32f0f45f84df09859ef22ace1b7c84e655473a16b9ae8642324244ad16bc806c 200
[debug] [2021-05-18T13:49:56.153Z] <<< [apiv2][body] POST https://upload-firebasehosting.googleapis.com/upload/sites/disneyclone-ae770/versions/b66f4bf1d9c30f12/files/32f0f45f84df09859ef22ace1b7c84e655473a16b9ae8642324244ad16bc806c [stream]
[debug] [2021-05-18T13:49:56.368Z] <<< [apiv2][status] POST https://upload-firebasehosting.googleapis.com/upload/sites/disneyclone-ae770/versions/b66f4bf1d9c30f12/files/87aecafb41d21ea93b7af81398237b980c43ee880676c78630ee2d1e9a6d711f 200
[debug] [2021-05-18T13:49:56.368Z] <<< [apiv2][body] POST https://upload-firebasehosting.googleapis.com/upload/sites/disneyclone-ae770/versions/b66f4bf1d9c30f12/files/87aecafb41d21ea93b7af81398237b980c43ee880676c78630ee2d1e9a6d711f [stream]
[debug] [2021-05-18T13:49:56.381Z] <<< [apiv2][status] POST https://upload-firebasehosting.googleapis.com/upload/sites/disneyclone-ae770/versions/b66f4bf1d9c30f12/files/8b90dddefbdbfcad39848f2ca125501a188b37580dac3c5186a607b04cadc7c6 200
[debug] [2021-05-18T13:49:56.382Z] <<< [apiv2][body] POST https://upload-firebasehosting.googleapis.com/upload/sites/disneyclone-ae770/versions/b66f4bf1d9c30f12/files/8b90dddefbdbfcad39848f2ca125501a188b37580dac3c5186a607b04cadc7c6 [stream]
[debug] [2021-05-18T13:49:56.782Z] <<< [apiv2][status] POST https://upload-firebasehosting.googleapis.com/upload/sites/disneyclone-ae770/versions/b66f4bf1d9c30f12/files/5c1797392ed8ad280903aff0d21cea86bdf64736f55ef83f64e05b26868e98fb 200
[debug] [2021-05-18T13:49:56.782Z] <<< [apiv2][body] POST https://upload-firebasehosting.googleapis.com/upload/sites/disneyclone-ae770/versions/b66f4bf1d9c30f12/files/5c1797392ed8ad280903aff0d21cea86bdf64736f55ef83f64e05b26868e98fb [stream]
[debug] [2021-05-18T13:49:56.842Z] <<< [apiv2][status] POST https://upload-firebasehosting.googleapis.com/upload/sites/disneyclone-ae770/versions/b66f4bf1d9c30f12/files/c55d034d9cf7abfac7600919cbf4f4ce2f3ea3478df91d01177e8ff136f58918 200
[debug] [2021-05-18T13:49:56.842Z] <<< [apiv2][body] POST https://upload-firebasehosting.googleapis.com/upload/sites/disneyclone-ae770/versions/b66f4bf1d9c30f12/files/c55d034d9cf7abfac7600919cbf4f4ce2f3ea3478df91d01177e8ff136f58918 [stream]
[debug] [2021-05-18T13:49:56.951Z] <<< [apiv2][status] POST https://upload-firebasehosting.googleapis.com/upload/sites/disneyclone-ae770/versions/b66f4bf1d9c30f12/files/1798cb8ad7edb1138131e47b6817f65c4a55627cbaeaa979afad659d15abfd19 200
[debug] [2021-05-18T13:49:56.951Z] <<< [apiv2][body] POST https://upload-firebasehosting.googleapis.com/upload/sites/disneyclone-ae770/versions/b66f4bf1d9c30f12/files/1798cb8ad7edb1138131e47b6817f65c4a55627cbaeaa979afad659d15abfd19 [stream]
[debug] [2021-05-18T13:49:56.959Z] <<< [apiv2][status] POST https://upload-firebasehosting.googleapis.com/upload/sites/disneyclone-ae770/versions/b66f4bf1d9c30f12/files/6aad751007cf9a89350af287f824ab64f096c472c7c9c679fb3d55b6174fc004 200
[debug] [2021-05-18T13:49:56.959Z] <<< [apiv2][body] POST https://upload-firebasehosting.googleapis.com/upload/sites/disneyclone-ae770/versions/b66f4bf1d9c30f12/files/6aad751007cf9a89350af287f824ab64f096c472c7c9c679fb3d55b6174fc004 [stream]
[debug] [2021-05-18T13:49:56.988Z] <<< [apiv2][status] POST https://upload-firebasehosting.googleapis.com/upload/sites/disneyclone-ae770/versions/b66f4bf1d9c30f12/files/ebf380e341383bbf65d6a762603f630a9f7610c97f32bd297bc097635bc37ee3 200
[debug] [2021-05-18T13:49:56.988Z] <<< [apiv2][body] POST https://upload-firebasehosting.googleapis.com/upload/sites/disneyclone-ae770/versions/b66f4bf1d9c30f12/files/ebf380e341383bbf65d6a762603f630a9f7610c97f32bd297bc097635bc37ee3 [stream]
[debug] [2021-05-18T13:49:57.047Z] <<< [apiv2][status] POST https://upload-firebasehosting.googleapis.com/upload/sites/disneyclone-ae770/versions/b66f4bf1d9c30f12/files/c2be0bc9ab04d249f7b771199d75b1fff4f09e9710d2644784fd5370fcf84752 200
[debug] [2021-05-18T13:49:57.047Z] <<< [apiv2][body] POST https://upload-firebasehosting.googleapis.com/upload/sites/disneyclone-ae770/versions/b66f4bf1d9c30f12/files/c2be0bc9ab04d249f7b771199d75b1fff4f09e9710d2644784fd5370fcf84752 [stream]
[debug] [2021-05-18T13:49:57.104Z] <<< [apiv2][status] POST https://upload-firebasehosting.googleapis.com/upload/sites/disneyclone-ae770/versions/b66f4bf1d9c30f12/files/9371d8e5eb2a6107c91977877930553dce149a29e7b80462296f419a047015a9 200
[debug] [2021-05-18T13:49:57.104Z] <<< [apiv2][body] POST https://upload-firebasehosting.googleapis.com/upload/sites/disneyclone-ae770/versions/b66f4bf1d9c30f12/files/9371d8e5eb2a6107c91977877930553dce149a29e7b80462296f419a047015a9 [stream]
[debug] [2021-05-18T13:49:57.138Z] <<< [apiv2][status] POST https://upload-firebasehosting.googleapis.com/upload/sites/disneyclone-ae770/versions/b66f4bf1d9c30f12/files/db3022ddc406882b1ff329bb6d3578f70b3393115d9fbf6695361e001e290fcd 200
[debug] [2021-05-18T13:49:57.139Z] <<< [apiv2][body] POST https://upload-firebasehosting.googleapis.com/upload/sites/disneyclone-ae770/versions/b66f4bf1d9c30f12/files/db3022ddc406882b1ff329bb6d3578f70b3393115d9fbf6695361e001e290fcd [stream]
[debug] [2021-05-18T13:49:57.236Z] <<< [apiv2][status] POST https://upload-firebasehosting.googleapis.com/upload/sites/disneyclone-ae770/versions/b66f4bf1d9c30f12/files/bf442e7f764a86daa6fb6d14140d9afe7cda865d75bbb1c2fad8c2988a4c82dc 200
[debug] [2021-05-18T13:49:57.237Z] <<< [apiv2][body] POST https://upload-firebasehosting.googleapis.com/upload/sites/disneyclone-ae770/versions/b66f4bf1d9c30f12/files/bf442e7f764a86daa6fb6d14140d9afe7cda865d75bbb1c2fad8c2988a4c82dc [stream]
[debug] [2021-05-18T13:50:14.157Z] [uploadQueue] Retrying task b9b285d313e3f7f912d2798bff9aaa746e77869160f3342d72ed338b84c5a20a
[debug] [2021-05-18T13:50:14.159Z] >>> [apiv2][query] POST https://upload-firebasehosting.googleapis.com/upload/sites/disneyclone-ae770/versions/b66f4bf1d9c30f12/files/b9b285d313e3f7f912d2798bff9aaa746e77869160f3342d72ed338b84c5a20a [none]
[debug] [2021-05-18T13:50:14.159Z] >>> [apiv2][body] POST https://upload-firebasehosting.googleapis.com/upload/sites/disneyclone-ae770/versions/b66f4bf1d9c30f12/files/b9b285d313e3f7f912d2798bff9aaa746e77869160f3342d72ed338b84c5a20a [stream]
[debug] [2021-05-18T13:50:14.174Z] [uploadQueue] Retrying task b85f3e4140753c833e8d470f60c2d2fb0c83528d903f6ccd1e040df0514117e4
[debug] [2021-05-18T13:50:14.175Z] >>> [apiv2][query] POST https://upload-firebasehosting.googleapis.com/upload/sites/disneyclone-ae770/versions/b66f4bf1d9c30f12/files/b85f3e4140753c833e8d470f60c2d2fb0c83528d903f6ccd1e040df0514117e4 [none]
[debug] [2021-05-18T13:50:14.175Z] >>> [apiv2][body] POST https://upload-firebasehosting.googleapis.com/upload/sites/disneyclone-ae770/versions/b66f4bf1d9c30f12/files/b85f3e4140753c833e8d470f60c2d2fb0c83528d903f6ccd1e040df0514117e4 [stream]
[debug] [2021-05-18T13:50:14.554Z] [uploadQueue] Retrying task e25daeaa18d66d4fb7fa4d5d8ddcdad6998f7857f053f3215988eecfd5c8e84d
[debug] [2021-05-18T13:50:14.556Z] >>> [apiv2][query] POST https://upload-firebasehosting.googleapis.com/upload/sites/disneyclone-ae770/versions/b66f4bf1d9c30f12/files/e25daeaa18d66d4fb7fa4d5d8ddcdad6998f7857f053f3215988eecfd5c8e84d [none]
[debug] [2021-05-18T13:50:14.556Z] >>> [apiv2][body] POST https://upload-firebasehosting.googleapis.com/upload/sites/disneyclone-ae770/versions/b66f4bf1d9c30f12/files/e25daeaa18d66d4fb7fa4d5d8ddcdad6998f7857f053f3215988eecfd5c8e84d [stream]
[debug] [2021-05-18T13:50:15.830Z] [uploadQueue] Retrying task c8d206c68067a0cef562433e79488c522e1dcb5b5098faeacd44926eb169acc4
[debug] [2021-05-18T13:50:15.832Z] >>> [apiv2][query] POST https://upload-firebasehosting.googleapis.com/upload/sites/disneyclone-ae770/versions/b66f4bf1d9c30f12/files/c8d206c68067a0cef562433e79488c522e1dcb5b5098faeacd44926eb169acc4 [none]
[debug] [2021-05-18T13:50:15.832Z] >>> [apiv2][body] POST https://upload-firebasehosting.googleapis.com/upload/sites/disneyclone-ae770/versions/b66f4bf1d9c30f12/files/c8d206c68067a0cef562433e79488c522e1dcb5b5098faeacd44926eb169acc4 [stream]
[debug] [2021-05-18T13:50:16.359Z] <<< [apiv2][status] POST https://upload-firebasehosting.googleapis.com/upload/sites/disneyclone-ae770/versions/b66f4bf1d9c30f12/files/b85f3e4140753c833e8d470f60c2d2fb0c83528d903f6ccd1e040df0514117e4 200
[debug] [2021-05-18T13:50:16.359Z] <<< [apiv2][body] POST https://upload-firebasehosting.googleapis.com/upload/sites/disneyclone-ae770/versions/b66f4bf1d9c30f12/files/b85f3e4140753c833e8d470f60c2d2fb0c83528d903f6ccd1e040df0514117e4 [stream]
[debug] [2021-05-18T13:50:17.203Z] <<< [apiv2][status] POST https://upload-firebasehosting.googleapis.com/upload/sites/disneyclone-ae770/versions/b66f4bf1d9c30f12/files/b9b285d313e3f7f912d2798bff9aaa746e77869160f3342d72ed338b84c5a20a 200
[debug] [2021-05-18T13:50:17.204Z] <<< [apiv2][body] POST https://upload-firebasehosting.googleapis.com/upload/sites/disneyclone-ae770/versions/b66f4bf1d9c30f12/files/b9b285d313e3f7f912d2798bff9aaa746e77869160f3342d72ed338b84c5a20a [stream]
[debug] [2021-05-18T13:50:17.503Z] <<< [apiv2][status] POST https://upload-firebasehosting.googleapis.com/upload/sites/disneyclone-ae770/versions/b66f4bf1d9c30f12/files/e25daeaa18d66d4fb7fa4d5d8ddcdad6998f7857f053f3215988eecfd5c8e84d 200
[debug] [2021-05-18T13:50:17.504Z] <<< [apiv2][body] POST https://upload-firebasehosting.googleapis.com/upload/sites/disneyclone-ae770/versions/b66f4bf1d9c30f12/files/e25daeaa18d66d4fb7fa4d5d8ddcdad6998f7857f053f3215988eecfd5c8e84d [stream]
[debug] [2021-05-18T13:50:38.494Z] [uploadQueue] Retrying task c8d206c68067a0cef562433e79488c522e1dcb5b5098faeacd44926eb169acc4
[debug] [2021-05-18T13:50:38.496Z] >>> [apiv2][query] POST https://upload-firebasehosting.googleapis.com/upload/sites/disneyclone-ae770/versions/b66f4bf1d9c30f12/files/c8d206c68067a0cef562433e79488c522e1dcb5b5098faeacd44926eb169acc4 [none]
[debug] [2021-05-18T13:50:38.496Z] >>> [apiv2][body] POST https://upload-firebasehosting.googleapis.com/upload/sites/disneyclone-ae770/versions/b66f4bf1d9c30f12/files/c8d206c68067a0cef562433e79488c522e1dcb5b5098faeacd44926eb169acc4 [stream]
[debug] [2021-05-18T13:50:40.739Z] <<< [apiv2][status] POST https://upload-firebasehosting.googleapis.com/upload/sites/disneyclone-ae770/versions/b66f4bf1d9c30f12/files/c8d206c68067a0cef562433e79488c522e1dcb5b5098faeacd44926eb169acc4 200
[debug] [2021-05-18T13:50:40.739Z] <<< [apiv2][body] POST https://upload-firebasehosting.googleapis.com/upload/sites/disneyclone-ae770/versions/b66f4bf1d9c30f12/files/c8d206c68067a0cef562433e79488c522e1dcb5b5098faeacd44926eb169acc4 [stream]
[debug] [2021-05-18T13:50:40.739Z] [hosting][upload queue][FINAL] {"max":9663,"min":1694,"avg":3823.6153846153848,"active":0,"complete":52,"success":52,"errored":0,"retried":26,"total":52,"elapsed":69370}
[info] +  hosting[disneyclone-ae770]: file upload complete 
[debug] [2021-05-18T13:50:40.740Z] [hosting] deploy completed after 72875ms
[debug] [2021-05-18T13:50:40.743Z] [
  {
    "config": {
      "public": "build",
      "ignore": [
        "firebase.json",
        "**/.*",
        "**/node_modules/**"
      ],
      "rewrites": [
        {
          "source": "**",
          "destination": "/index.html"
        }
      ],
      "site": "disneyclone-ae770"
    },
    "site": "disneyclone-ae770",
    "version": "sites/disneyclone-ae770/versions/b66f4bf1d9c30f12"
  }
]
[info] i  hosting[disneyclone-ae770]: finalizing version... 
[debug] [2021-05-18T13:50:40.744Z] > refreshing access token with scopes: ["email","https://www.googleapis.com/auth/cloud-platform","https://www.googleapis.com/auth/cloudplatformprojects.readonly","https://www.googleapis.com/auth/firebase","openid"]
[debug] [2021-05-18T13:50:40.744Z] >>> HTTP REQUEST POST https://www.googleapis.com/oauth2/v3/token  
 <request body omitted>
[debug] [2021-05-18T14:00:52.953Z] ----------------------------------------------------------------------
[debug] [2021-05-18T14:00:52.955Z] Command:       C:\Program Files\nodejs\node.exe C:\Users\hp\AppData\Roaming\npm\node_modules\firebase-tools\lib\bin\firebase.js init
[debug] [2021-05-18T14:00:52.955Z] CLI Version:   9.11.0
[debug] [2021-05-18T14:00:52.956Z] Platform:      win32
[debug] [2021-05-18T14:00:52.956Z] Node Version:  v14.17.0
[debug] [2021-05-18T14:00:52.957Z] Time:          Tue May 18 2021 19:30:52 GMT+0530 (India Standard Time)
[debug] [2021-05-18T14:00:52.957Z] ----------------------------------------------------------------------
[debug] 
[debug] [2021-05-18T14:00:52.963Z] > command requires scopes: ["email","openid","https://www.googleapis.com/auth/cloudplatformprojects.readonly","https://www.googleapis.com/auth/firebase","https://www.googleapis.com/auth/cloud-platform"]
[debug] [2021-05-18T14:00:52.964Z] > authorizing via signed-in user (hurrrphurr@gmail.com)
[info] 
     ######## #### ########  ######## ########     ###     ######  ########
     ##        ##  ##     ## ##       ##     ##  ##   ##  ##       ##
     ######    ##  ########  ######   ########  #########  ######  ######
     ##        ##  ##    ##  ##       ##     ## ##     ##       ## ##
     ##       #### ##     ## ######## ########  ##     ##  ######  ########

You're about to initialize a Firebase project in this directory:

  F:\Github\disneyPlus--clone\disneyplus

Before we get started, keep in mind:

  * You are initializing in an existing Firebase project directory

[info] 
=== Project Setup
[info] 
[info] First, let's associate this project directory with a Firebase project.
[info] You can create multiple project aliases by running firebase use --add, 
[info] but for now we'll just set up a default project.
[info] 
[info] i  .firebaserc already has a default project, using disneyclone-ae770. 
[debug] [2021-05-18T14:01:35.325Z] >>> [apiv2][query] GET https://firebase.googleapis.com/v1beta1/projects/disneyclone-ae770 [none]
[debug] [2021-05-18T14:01:56.526Z] Failed to make request to https://firebase.googleapis.com/v1beta1/projects/disneyclone-ae770
[debug] [2021-05-18T14:02:18.688Z] FirebaseError: Failed to make request to https://firebase.googleapis.com/v1beta1/projects/disneyclone-ae770
    at Client.doRequest (C:\Users\hp\AppData\Roaming\npm\node_modules\firebase-tools\lib\apiv2.js:211:19)
    at processTicksAndRejections (internal/process/task_queues.js:95:5)
    at async Client.request (C:\Users\hp\AppData\Roaming\npm\node_modules\firebase-tools\lib\apiv2.js:96:20)
    at async Object.getFirebaseProject (C:\Users\hp\AppData\Roaming\npm\node_modules\firebase-tools\lib\management\projects.js:290:21)
    at async Object.doSetup [as project] (C:\Users\hp\AppData\Roaming\npm\node_modules\firebase-tools\lib\init\features\project.js:77:27)
    at async init (C:\Users\hp\AppData\Roaming\npm\node_modules\firebase-tools\lib\init\index.js:19:9)
[error] 
[error] Error: Failed to get Firebase project disneyclone-ae770. Please make sure the project exists and your account has permission to access it.
[debug] [2021-05-18T14:02:58.171Z] ----------------------------------------------------------------------
[debug] [2021-05-18T14:02:58.173Z] Command:       C:\Program Files\nodejs\node.exe C:\Users\hp\AppData\Roaming\npm\node_modules\firebase-tools\lib\bin\firebase.js login
[debug] [2021-05-18T14:02:58.174Z] CLI Version:   9.11.0
[debug] [2021-05-18T14:02:58.174Z] Platform:      win32
[debug] [2021-05-18T14:02:58.174Z] Node Version:  v14.17.0
[debug] [2021-05-18T14:02:58.175Z] Time:          Tue May 18 2021 19:32:58 GMT+0530 (India Standard Time)
[debug] [2021-05-18T14:02:58.175Z] ----------------------------------------------------------------------
[debug] 
[info] Already logged in as hurrrphurr@gmail.com
